{"D:\\Holiday Project\\binar-project\\index.js": {"path":"D:\\Holiday Project\\binar-project\\index.js","statementMap":{"0":{"start":{"line":1,"column":0},"end":{"line":1,"column":27}},"1":{"start":{"line":2,"column":16},"end":{"line":2,"column":34}},"2":{"start":{"line":3,"column":12},"end":{"line":3,"column":21}},"3":{"start":{"line":4,"column":13},"end":{"line":4,"column":28}},"4":{"start":{"line":5,"column":17},"end":{"line":5,"column":46}},"5":{"start":{"line":6,"column":20},"end":{"line":6,"column":45}},"6":{"start":{"line":7,"column":15},"end":{"line":7,"column":44}},"7":{"start":{"line":9,"column":20},"end":{"line":13,"column":1}},"8":{"start":{"line":15,"column":0},"end":{"line":15,"column":24}},"9":{"start":{"line":16,"column":0},"end":{"line":16,"column":27}},"10":{"start":{"line":17,"column":0},"end":{"line":17,"column":47}},"11":{"start":{"line":18,"column":0},"end":{"line":18,"column":76}},"12":{"start":{"line":19,"column":0},"end":{"line":19,"column":20}},"13":{"start":{"line":21,"column":0},"end":{"line":23,"column":2}},"14":{"start":{"line":22,"column":4},"end":{"line":22,"column":59}},"15":{"start":{"line":29,"column":0},"end":{"line":29,"column":21}}},"fnMap":{"0":{"name":"(anonymous_0)","decl":{"start":{"line":21,"column":13},"end":{"line":21,"column":14}},"loc":{"start":{"line":21,"column":32},"end":{"line":23,"column":1}},"line":21}},"branchMap":{},"s":{"0":1,"1":1,"2":1,"3":1,"4":1,"5":1,"6":1,"7":1,"8":1,"9":1,"10":1,"11":1,"12":1,"13":1,"14":0,"15":1},"f":{"0":0},"b":{},"_coverageSchema":"1a1c01bbd47fc00a2c39e90264f33305004495a9","hash":"d6d2af552df1e442778e638aa4711580799d99c3"}
,"D:\\Holiday Project\\binar-project\\lib\\customError.js": {"path":"D:\\Holiday Project\\binar-project\\lib\\customError.js","statementMap":{"0":{"start":{"line":3,"column":4},"end":{"line":3,"column":19}},"1":{"start":{"line":4,"column":4},"end":{"line":4,"column":21}},"2":{"start":{"line":8,"column":0},"end":{"line":8,"column":29}}},"fnMap":{"0":{"name":"(anonymous_0)","decl":{"start":{"line":2,"column":2},"end":{"line":2,"column":3}},"loc":{"start":{"line":2,"column":29},"end":{"line":5,"column":3}},"line":2}},"branchMap":{},"s":{"0":0,"1":0,"2":1},"f":{"0":0},"b":{},"_coverageSchema":"1a1c01bbd47fc00a2c39e90264f33305004495a9","hash":"52505273719e91d38e11812b491b53074323524c"}
,"D:\\Holiday Project\\binar-project\\lib\\customResponse.js": {"path":"D:\\Holiday Project\\binar-project\\lib\\customResponse.js","statementMap":{"0":{"start":{"line":3,"column":4},"end":{"line":3,"column":25}},"1":{"start":{"line":4,"column":4},"end":{"line":4,"column":27}},"2":{"start":{"line":5,"column":4},"end":{"line":5,"column":21}},"3":{"start":{"line":9,"column":0},"end":{"line":9,"column":31}}},"fnMap":{"0":{"name":"(anonymous_0)","decl":{"start":{"line":2,"column":2},"end":{"line":2,"column":3}},"loc":{"start":{"line":2,"column":44},"end":{"line":6,"column":3}},"line":2}},"branchMap":{"0":{"loc":{"start":{"line":2,"column":31},"end":{"line":2,"column":42}},"type":"default-arg","locations":[{"start":{"line":2,"column":38},"end":{"line":2,"column":42}}],"line":2}},"s":{"0":11,"1":11,"2":11,"3":1},"f":{"0":11},"b":{"0":[6]},"_coverageSchema":"1a1c01bbd47fc00a2c39e90264f33305004495a9","hash":"d958e6a6c7fcb17d52cb5aaea99ea6cb553e27b0"}
,"D:\\Holiday Project\\binar-project\\lib\\errorHandler.js": {"path":"D:\\Holiday Project\\binar-project\\lib\\errorHandler.js","statementMap":{"0":{"start":{"line":1,"column":20},"end":{"line":1,"column":44}},"1":{"start":{"line":2,"column":23},"end":{"line":2,"column":50}},"2":{"start":{"line":4,"column":21},"end":{"line":10,"column":1}},"3":{"start":{"line":5,"column":2},"end":{"line":7,"column":3}},"4":{"start":{"line":6,"column":4},"end":{"line":6,"column":77}},"5":{"start":{"line":9,"column":2},"end":{"line":9,"column":70}},"6":{"start":{"line":12,"column":0},"end":{"line":12,"column":29}}},"fnMap":{"0":{"name":"(anonymous_0)","decl":{"start":{"line":4,"column":21},"end":{"line":4,"column":22}},"loc":{"start":{"line":4,"column":35},"end":{"line":10,"column":1}},"line":4}},"branchMap":{"0":{"loc":{"start":{"line":5,"column":2},"end":{"line":7,"column":3}},"type":"if","locations":[{"start":{"line":5,"column":2},"end":{"line":7,"column":3}},{"start":{},"end":{}}],"line":5}},"s":{"0":1,"1":1,"2":1,"3":0,"4":0,"5":0,"6":1},"f":{"0":0},"b":{"0":[0,0]},"_coverageSchema":"1a1c01bbd47fc00a2c39e90264f33305004495a9","hash":"07397b2632c5bf130d3b75e249e52b6f97e098ba"}
,"D:\\Holiday Project\\binar-project\\lib\\prisma.js": {"path":"D:\\Holiday Project\\binar-project\\lib\\prisma.js","statementMap":{"0":{"start":{"line":1,"column":26},"end":{"line":1,"column":51}},"1":{"start":{"line":3,"column":15},"end":{"line":3,"column":33}},"2":{"start":{"line":5,"column":0},"end":{"line":5,"column":25}}},"fnMap":{},"branchMap":{},"s":{"0":1,"1":1,"2":1},"f":{},"b":{},"_coverageSchema":"1a1c01bbd47fc00a2c39e90264f33305004495a9","hash":"7df68d7a9d31cf13d50864258944a216ff8728c4"}
,"D:\\Holiday Project\\binar-project\\src\\api\\auth.js": {"path":"D:\\Holiday Project\\binar-project\\src\\api\\auth.js","statementMap":{"0":{"start":{"line":1,"column":16},"end":{"line":1,"column":34}},"1":{"start":{"line":2,"column":15},"end":{"line":2,"column":31}},"2":{"start":{"line":3,"column":62},"end":{"line":3,"column":102}},"3":{"start":{"line":4,"column":23},"end":{"line":4,"column":63}},"4":{"start":{"line":6,"column":0},"end":{"line":9,"column":71}},"5":{"start":{"line":11,"column":0},"end":{"line":11,"column":23}}},"fnMap":{},"branchMap":{},"s":{"0":1,"1":1,"2":1,"3":1,"4":1,"5":1},"f":{},"b":{},"_coverageSchema":"1a1c01bbd47fc00a2c39e90264f33305004495a9","hash":"6123316f87068a065bd64998eaaa0b4558846710"}
,"D:\\Holiday Project\\binar-project\\src\\api\\categories.js": {"path":"D:\\Holiday Project\\binar-project\\src\\api\\categories.js","statementMap":{"0":{"start":{"line":1,"column":16},"end":{"line":1,"column":34}},"1":{"start":{"line":2,"column":34},"end":{"line":2,"column":78}},"2":{"start":{"line":3,"column":15},"end":{"line":3,"column":31}},"3":{"start":{"line":5,"column":0},"end":{"line":6,"column":32}},"4":{"start":{"line":8,"column":0},"end":{"line":8,"column":24}}},"fnMap":{},"branchMap":{},"s":{"0":1,"1":1,"2":1,"3":1,"4":1},"f":{},"b":{},"_coverageSchema":"1a1c01bbd47fc00a2c39e90264f33305004495a9","hash":"73471f447999e1bca07157d27cb464530c1f827b"}
,"D:\\Holiday Project\\binar-project\\src\\api\\courseTrackings.js": {"path":"D:\\Holiday Project\\binar-project\\src\\api\\courseTrackings.js","statementMap":{"0":{"start":{"line":1,"column":16},"end":{"line":1,"column":34}},"1":{"start":{"line":2,"column":15},"end":{"line":2,"column":31}},"2":{"start":{"line":3,"column":33},"end":{"line":3,"column":83}},"3":{"start":{"line":6,"column":0},"end":{"line":10,"column":101}},"4":{"start":{"line":12,"column":0},"end":{"line":12,"column":24}}},"fnMap":{},"branchMap":{},"s":{"0":1,"1":1,"2":1,"3":1,"4":1},"f":{},"b":{},"_coverageSchema":"1a1c01bbd47fc00a2c39e90264f33305004495a9","hash":"a7e5660bf4dfc9af6439b284dcc9de2d0566f832"}
,"D:\\Holiday Project\\binar-project\\src\\api\\courses.js": {"path":"D:\\Holiday Project\\binar-project\\src\\api\\courses.js","statementMap":{"0":{"start":{"line":1,"column":16},"end":{"line":1,"column":34}},"1":{"start":{"line":2,"column":15},"end":{"line":2,"column":31}},"2":{"start":{"line":3,"column":26},"end":{"line":3,"column":69}},"3":{"start":{"line":5,"column":0},"end":{"line":11,"column":84}},"4":{"start":{"line":13,"column":0},"end":{"line":13,"column":24}}},"fnMap":{},"branchMap":{},"s":{"0":1,"1":1,"2":1,"3":1,"4":1},"f":{},"b":{},"_coverageSchema":"1a1c01bbd47fc00a2c39e90264f33305004495a9","hash":"2b142ad7d2ab94f139f470cce61164f4e58dc805"}
,"D:\\Holiday Project\\binar-project\\src\\api\\moduleTrackings.js": {"path":"D:\\Holiday Project\\binar-project\\src\\api\\moduleTrackings.js","statementMap":{"0":{"start":{"line":1,"column":16},"end":{"line":1,"column":34}},"1":{"start":{"line":2,"column":15},"end":{"line":2,"column":31}},"2":{"start":{"line":3,"column":33},"end":{"line":3,"column":83}},"3":{"start":{"line":5,"column":0},"end":{"line":9,"column":101}},"4":{"start":{"line":11,"column":0},"end":{"line":11,"column":24}}},"fnMap":{},"branchMap":{},"s":{"0":1,"1":1,"2":1,"3":1,"4":1},"f":{},"b":{},"_coverageSchema":"1a1c01bbd47fc00a2c39e90264f33305004495a9","hash":"85c11bc02423013333ec5f176e30b1a386efaa10"}
,"D:\\Holiday Project\\binar-project\\src\\api\\modules.js": {"path":"D:\\Holiday Project\\binar-project\\src\\api\\modules.js","statementMap":{"0":{"start":{"line":1,"column":16},"end":{"line":1,"column":34}},"1":{"start":{"line":2,"column":15},"end":{"line":2,"column":31}},"2":{"start":{"line":3,"column":26},"end":{"line":3,"column":69}},"3":{"start":{"line":5,"column":0},"end":{"line":9,"column":81}},"4":{"start":{"line":11,"column":0},"end":{"line":11,"column":24}}},"fnMap":{},"branchMap":{},"s":{"0":1,"1":1,"2":1,"3":1,"4":1},"f":{},"b":{},"_coverageSchema":"1a1c01bbd47fc00a2c39e90264f33305004495a9","hash":"3d243b6bb6744fad9540ec9beafe877df2cd5f22"}
,"D:\\Holiday Project\\binar-project\\src\\api\\notification.js": {"path":"D:\\Holiday Project\\binar-project\\src\\api\\notification.js","statementMap":{"0":{"start":{"line":1,"column":16},"end":{"line":1,"column":34}},"1":{"start":{"line":2,"column":15},"end":{"line":2,"column":31}},"2":{"start":{"line":4,"column":0},"end":{"line":7,"column":9}},"3":{"start":{"line":9,"column":0},"end":{"line":9,"column":24}}},"fnMap":{},"branchMap":{},"s":{"0":1,"1":1,"2":1,"3":1},"f":{},"b":{},"_coverageSchema":"1a1c01bbd47fc00a2c39e90264f33305004495a9","hash":"dd8c2cda0af82883c9eadaf5fa469d580a71cd63"}
,"D:\\Holiday Project\\binar-project\\src\\api\\orders.js": {"path":"D:\\Holiday Project\\binar-project\\src\\api\\orders.js","statementMap":{"0":{"start":{"line":1,"column":16},"end":{"line":1,"column":34}},"1":{"start":{"line":2,"column":96},"end":{"line":2,"column":136}},"2":{"start":{"line":3,"column":15},"end":{"line":3,"column":31}},"3":{"start":{"line":5,"column":0},"end":{"line":9,"column":41}},"4":{"start":{"line":11,"column":0},"end":{"line":11,"column":24}}},"fnMap":{},"branchMap":{},"s":{"0":1,"1":1,"2":1,"3":1,"4":1},"f":{},"b":{},"_coverageSchema":"1a1c01bbd47fc00a2c39e90264f33305004495a9","hash":"d1df3b15cf3cad8841bf2a1cb7e886392e4c4abf"}
,"D:\\Holiday Project\\binar-project\\src\\api\\payments.js": {"path":"D:\\Holiday Project\\binar-project\\src\\api\\payments.js","statementMap":{"0":{"start":{"line":1,"column":16},"end":{"line":1,"column":34}},"1":{"start":{"line":2,"column":15},"end":{"line":2,"column":31}},"2":{"start":{"line":4,"column":0},"end":{"line":6,"column":10}},"3":{"start":{"line":8,"column":0},"end":{"line":8,"column":24}}},"fnMap":{},"branchMap":{},"s":{"0":1,"1":1,"2":1,"3":1},"f":{},"b":{},"_coverageSchema":"1a1c01bbd47fc00a2c39e90264f33305004495a9","hash":"f6b234f7482750f7ba5da4948cc2878daf1ea579"}
,"D:\\Holiday Project\\binar-project\\src\\api\\users.js": {"path":"D:\\Holiday Project\\binar-project\\src\\api\\users.js","statementMap":{"0":{"start":{"line":1,"column":16},"end":{"line":1,"column":34}},"1":{"start":{"line":2,"column":15},"end":{"line":2,"column":31}},"2":{"start":{"line":4,"column":0},"end":{"line":5,"column":9}},"3":{"start":{"line":7,"column":0},"end":{"line":7,"column":24}}},"fnMap":{},"branchMap":{},"s":{"0":1,"1":1,"2":1,"3":1},"f":{},"b":{},"_coverageSchema":"1a1c01bbd47fc00a2c39e90264f33305004495a9","hash":"a85e1c7569639af0426ec59c1c93cede9b362769"}
,"D:\\Holiday Project\\binar-project\\src\\controllers\\authController.js": {"path":"D:\\Holiday Project\\binar-project\\src\\controllers\\authController.js","statementMap":{"0":{"start":{"line":1,"column":20},"end":{"line":1,"column":54}},"1":{"start":{"line":2,"column":23},"end":{"line":2,"column":58}},"2":{"start":{"line":3,"column":21},"end":{"line":3,"column":54}},"3":{"start":{"line":5,"column":24},"end":{"line":15,"column":1}},"4":{"start":{"line":6,"column":18},"end":{"line":6,"column":26}},"5":{"start":{"line":8,"column":2},"end":{"line":14,"column":3}},"6":{"start":{"line":9,"column":4},"end":{"line":9,"column":39}},"7":{"start":{"line":11,"column":4},"end":{"line":11,"column":82}},"8":{"start":{"line":13,"column":4},"end":{"line":13,"column":26}},"9":{"start":{"line":17,"column":21},"end":{"line":29,"column":1}},"10":{"start":{"line":18,"column":18},"end":{"line":18,"column":26}},"11":{"start":{"line":20,"column":2},"end":{"line":28,"column":3}},"12":{"start":{"line":21,"column":24},"end":{"line":21,"column":56}},"13":{"start":{"line":23,"column":4},"end":{"line":23,"column":87}},"14":{"start":{"line":25,"column":4},"end":{"line":25,"column":96}},"15":{"start":{"line":27,"column":4},"end":{"line":27,"column":26}},"16":{"start":{"line":31,"column":27},"end":{"line":37,"column":1}},"17":{"start":{"line":32,"column":15},"end":{"line":32,"column":23}},"18":{"start":{"line":34,"column":23},"end":{"line":34,"column":55}},"19":{"start":{"line":36,"column":2},"end":{"line":36,"column":75}},"20":{"start":{"line":39,"column":0},"end":{"line":43,"column":1}}},"fnMap":{"0":{"name":"(anonymous_0)","decl":{"start":{"line":5,"column":24},"end":{"line":5,"column":25}},"loc":{"start":{"line":5,"column":44},"end":{"line":15,"column":1}},"line":5},"1":{"name":"(anonymous_1)","decl":{"start":{"line":17,"column":21},"end":{"line":17,"column":22}},"loc":{"start":{"line":17,"column":41},"end":{"line":29,"column":1}},"line":17},"2":{"name":"(anonymous_2)","decl":{"start":{"line":31,"column":27},"end":{"line":31,"column":28}},"loc":{"start":{"line":31,"column":41},"end":{"line":37,"column":1}},"line":31}},"branchMap":{},"s":{"0":1,"1":1,"2":1,"3":1,"4":0,"5":0,"6":0,"7":0,"8":0,"9":1,"10":0,"11":0,"12":0,"13":0,"14":0,"15":0,"16":1,"17":0,"18":0,"19":0,"20":1},"f":{"0":0,"1":0,"2":0},"b":{},"_coverageSchema":"1a1c01bbd47fc00a2c39e90264f33305004495a9","hash":"8f982cbf9359061e972868ece6e3367a1d9b6657"}
,"D:\\Holiday Project\\binar-project\\src\\controllers\\categoryController.js": {"path":"D:\\Holiday Project\\binar-project\\src\\controllers\\categoryController.js","statementMap":{"0":{"start":{"line":1,"column":21},"end":{"line":1,"column":54}},"1":{"start":{"line":2,"column":23},"end":{"line":2,"column":58}},"2":{"start":{"line":3,"column":24},"end":{"line":3,"column":62}},"3":{"start":{"line":5,"column":30},"end":{"line":13,"column":1}},"4":{"start":{"line":6,"column":2},"end":{"line":12,"column":3}},"5":{"start":{"line":7,"column":23},"end":{"line":7,"column":61}},"6":{"start":{"line":9,"column":4},"end":{"line":9,"column":75}},"7":{"start":{"line":11,"column":4},"end":{"line":11,"column":26}},"8":{"start":{"line":15,"column":0},"end":{"line":17,"column":1}}},"fnMap":{"0":{"name":"(anonymous_0)","decl":{"start":{"line":5,"column":30},"end":{"line":5,"column":31}},"loc":{"start":{"line":5,"column":50},"end":{"line":13,"column":1}},"line":5}},"branchMap":{},"s":{"0":1,"1":1,"2":1,"3":1,"4":0,"5":0,"6":0,"7":0,"8":1},"f":{"0":0},"b":{},"_coverageSchema":"1a1c01bbd47fc00a2c39e90264f33305004495a9","hash":"b574ca836af58b6cf7b624db6517a7f0d95abe8c"}
,"D:\\Holiday Project\\binar-project\\src\\controllers\\courseTrackingController.js": {"path":"D:\\Holiday Project\\binar-project\\src\\controllers\\courseTrackingController.js","statementMap":{"0":{"start":{"line":1,"column":30},"end":{"line":1,"column":74}},"1":{"start":{"line":2,"column":23},"end":{"line":2,"column":58}},"2":{"start":{"line":3,"column":21},"end":{"line":3,"column":54}},"3":{"start":{"line":5,"column":27},"end":{"line":13,"column":1}},"4":{"start":{"line":6,"column":4},"end":{"line":12,"column":5}},"5":{"start":{"line":7,"column":21},"end":{"line":7,"column":69}},"6":{"start":{"line":8,"column":8},"end":{"line":8,"column":113}},"7":{"start":{"line":11,"column":8},"end":{"line":11,"column":30}},"8":{"start":{"line":15,"column":31},"end":{"line":24,"column":1}},"9":{"start":{"line":16,"column":4},"end":{"line":23,"column":5}},"10":{"start":{"line":17,"column":24},"end":{"line":17,"column":32}},"11":{"start":{"line":18,"column":21},"end":{"line":18,"column":80}},"12":{"start":{"line":19,"column":8},"end":{"line":19,"column":109}},"13":{"start":{"line":22,"column":8},"end":{"line":22,"column":30}},"14":{"start":{"line":26,"column":29},"end":{"line":35,"column":1}},"15":{"start":{"line":27,"column":4},"end":{"line":34,"column":5}},"16":{"start":{"line":28,"column":24},"end":{"line":28,"column":32}},"17":{"start":{"line":29,"column":21},"end":{"line":29,"column":78}},"18":{"start":{"line":30,"column":8},"end":{"line":30,"column":120}},"19":{"start":{"line":33,"column":8},"end":{"line":33,"column":30}},"20":{"start":{"line":37,"column":30},"end":{"line":46,"column":1}},"21":{"start":{"line":38,"column":4},"end":{"line":45,"column":5}},"22":{"start":{"line":39,"column":24},"end":{"line":39,"column":32}},"23":{"start":{"line":40,"column":21},"end":{"line":40,"column":79}},"24":{"start":{"line":41,"column":8},"end":{"line":41,"column":120}},"25":{"start":{"line":44,"column":8},"end":{"line":44,"column":30}},"26":{"start":{"line":48,"column":25},"end":{"line":85,"column":1}},"27":{"start":{"line":50,"column":17},"end":{"line":50,"column":25}},"28":{"start":{"line":52,"column":4},"end":{"line":54,"column":5}},"29":{"start":{"line":53,"column":8},"end":{"line":53,"column":118}},"30":{"start":{"line":56,"column":24},"end":{"line":58,"column":5}},"31":{"start":{"line":60,"column":4},"end":{"line":81,"column":5}},"32":{"start":{"line":61,"column":30},"end":{"line":66,"column":10}},"33":{"start":{"line":62,"column":32},"end":{"line":62,"column":48}},"34":{"start":{"line":63,"column":16},"end":{"line":65,"column":18}},"35":{"start":{"line":64,"column":20},"end":{"line":64,"column":50}},"36":{"start":{"line":67,"column":8},"end":{"line":69,"column":9}},"37":{"start":{"line":68,"column":12},"end":{"line":68,"column":148}},"38":{"start":{"line":72,"column":8},"end":{"line":74,"column":9}},"39":{"start":{"line":73,"column":12},"end":{"line":73,"column":118}},"40":{"start":{"line":75,"column":26},"end":{"line":77,"column":10}},"41":{"start":{"line":76,"column":12},"end":{"line":76,"column":42}},"42":{"start":{"line":78,"column":8},"end":{"line":80,"column":9}},"43":{"start":{"line":79,"column":12},"end":{"line":79,"column":148}},"44":{"start":{"line":83,"column":4},"end":{"line":83,"column":11}},"45":{"start":{"line":88,"column":25},"end":{"line":115,"column":1}},"46":{"start":{"line":90,"column":15},"end":{"line":90,"column":23}},"47":{"start":{"line":92,"column":24},"end":{"line":94,"column":5}},"48":{"start":{"line":96,"column":23},"end":{"line":96,"column":79}},"49":{"start":{"line":98,"column":4},"end":{"line":100,"column":5}},"50":{"start":{"line":99,"column":8},"end":{"line":99,"column":85}},"51":{"start":{"line":102,"column":4},"end":{"line":111,"column":5}},"52":{"start":{"line":104,"column":26},"end":{"line":106,"column":10}},"53":{"start":{"line":105,"column":12},"end":{"line":105,"column":45}},"54":{"start":{"line":108,"column":8},"end":{"line":110,"column":9}},"55":{"start":{"line":109,"column":12},"end":{"line":109,"column":118}},"56":{"start":{"line":113,"column":4},"end":{"line":113,"column":11}},"57":{"start":{"line":117,"column":24},"end":{"line":129,"column":1}},"58":{"start":{"line":119,"column":17},"end":{"line":119,"column":25}},"59":{"start":{"line":121,"column":23},"end":{"line":121,"column":79}},"60":{"start":{"line":123,"column":4},"end":{"line":125,"column":5}},"61":{"start":{"line":124,"column":8},"end":{"line":124,"column":85}},"62":{"start":{"line":127,"column":4},"end":{"line":127,"column":11}},"63":{"start":{"line":131,"column":0},"end":{"line":139,"column":1}}},"fnMap":{"0":{"name":"(anonymous_0)","decl":{"start":{"line":5,"column":27},"end":{"line":5,"column":28}},"loc":{"start":{"line":5,"column":45},"end":{"line":13,"column":1}},"line":5},"1":{"name":"(anonymous_1)","decl":{"start":{"line":15,"column":31},"end":{"line":15,"column":32}},"loc":{"start":{"line":15,"column":50},"end":{"line":24,"column":1}},"line":15},"2":{"name":"(anonymous_2)","decl":{"start":{"line":26,"column":29},"end":{"line":26,"column":30}},"loc":{"start":{"line":26,"column":48},"end":{"line":35,"column":1}},"line":26},"3":{"name":"(anonymous_3)","decl":{"start":{"line":37,"column":30},"end":{"line":37,"column":31}},"loc":{"start":{"line":37,"column":49},"end":{"line":46,"column":1}},"line":37},"4":{"name":"(anonymous_4)","decl":{"start":{"line":48,"column":25},"end":{"line":48,"column":26}},"loc":{"start":{"line":48,"column":52},"end":{"line":85,"column":1}},"line":48},"5":{"name":"(anonymous_5)","decl":{"start":{"line":61,"column":39},"end":{"line":61,"column":40}},"loc":{"start":{"line":61,"column":47},"end":{"line":66,"column":9}},"line":61},"6":{"name":"(anonymous_6)","decl":{"start":{"line":63,"column":41},"end":{"line":63,"column":42}},"loc":{"start":{"line":63,"column":52},"end":{"line":65,"column":17}},"line":63},"7":{"name":"(anonymous_7)","decl":{"start":{"line":75,"column":50},"end":{"line":75,"column":51}},"loc":{"start":{"line":75,"column":61},"end":{"line":77,"column":9}},"line":75},"8":{"name":"(anonymous_8)","decl":{"start":{"line":88,"column":25},"end":{"line":88,"column":26}},"loc":{"start":{"line":88,"column":52},"end":{"line":115,"column":1}},"line":88},"9":{"name":"(anonymous_9)","decl":{"start":{"line":104,"column":48},"end":{"line":104,"column":49}},"loc":{"start":{"line":104,"column":55},"end":{"line":106,"column":9}},"line":104},"10":{"name":"(anonymous_10)","decl":{"start":{"line":117,"column":24},"end":{"line":117,"column":25}},"loc":{"start":{"line":117,"column":51},"end":{"line":129,"column":1}},"line":117}},"branchMap":{"0":{"loc":{"start":{"line":52,"column":4},"end":{"line":54,"column":5}},"type":"if","locations":[{"start":{"line":52,"column":4},"end":{"line":54,"column":5}},{"start":{},"end":{}}],"line":52},"1":{"loc":{"start":{"line":60,"column":4},"end":{"line":81,"column":5}},"type":"if","locations":[{"start":{"line":60,"column":4},"end":{"line":81,"column":5}},{"start":{"line":70,"column":9},"end":{"line":81,"column":5}}],"line":60},"2":{"loc":{"start":{"line":67,"column":8},"end":{"line":69,"column":9}},"type":"if","locations":[{"start":{"line":67,"column":8},"end":{"line":69,"column":9}},{"start":{},"end":{}}],"line":67},"3":{"loc":{"start":{"line":72,"column":8},"end":{"line":74,"column":9}},"type":"if","locations":[{"start":{"line":72,"column":8},"end":{"line":74,"column":9}},{"start":{},"end":{}}],"line":72},"4":{"loc":{"start":{"line":72,"column":11},"end":{"line":72,"column":71}},"type":"binary-expr","locations":[{"start":{"line":72,"column":11},"end":{"line":72,"column":39}},{"start":{"line":72,"column":43},"end":{"line":72,"column":71}}],"line":72},"5":{"loc":{"start":{"line":78,"column":8},"end":{"line":80,"column":9}},"type":"if","locations":[{"start":{"line":78,"column":8},"end":{"line":80,"column":9}},{"start":{},"end":{}}],"line":78},"6":{"loc":{"start":{"line":98,"column":4},"end":{"line":100,"column":5}},"type":"if","locations":[{"start":{"line":98,"column":4},"end":{"line":100,"column":5}},{"start":{},"end":{}}],"line":98},"7":{"loc":{"start":{"line":102,"column":4},"end":{"line":111,"column":5}},"type":"if","locations":[{"start":{"line":102,"column":4},"end":{"line":111,"column":5}},{"start":{},"end":{}}],"line":102},"8":{"loc":{"start":{"line":108,"column":8},"end":{"line":110,"column":9}},"type":"if","locations":[{"start":{"line":108,"column":8},"end":{"line":110,"column":9}},{"start":{},"end":{}}],"line":108},"9":{"loc":{"start":{"line":123,"column":4},"end":{"line":125,"column":5}},"type":"if","locations":[{"start":{"line":123,"column":4},"end":{"line":125,"column":5}},{"start":{},"end":{}}],"line":123}},"s":{"0":1,"1":1,"2":1,"3":1,"4":1,"5":1,"6":1,"7":0,"8":1,"9":1,"10":1,"11":1,"12":1,"13":0,"14":1,"15":2,"16":2,"17":2,"18":2,"19":0,"20":1,"21":1,"22":1,"23":1,"24":1,"25":0,"26":1,"27":7,"28":7,"29":0,"30":7,"31":7,"32":0,"33":0,"34":0,"35":0,"36":0,"37":0,"38":7,"39":4,"40":3,"41":8,"42":3,"43":1,"44":2,"45":1,"46":1,"47":1,"48":1,"49":1,"50":0,"51":1,"52":1,"53":2,"54":1,"55":0,"56":1,"57":1,"58":2,"59":2,"60":2,"61":1,"62":1,"63":1},"f":{"0":1,"1":1,"2":2,"3":1,"4":7,"5":0,"6":0,"7":8,"8":1,"9":2,"10":2},"b":{"0":[0,7],"1":[0,7],"2":[0,0],"3":[4,3],"4":[7,3],"5":[1,2],"6":[0,1],"7":[1,0],"8":[0,1],"9":[1,1]},"_coverageSchema":"1a1c01bbd47fc00a2c39e90264f33305004495a9","hash":"1aa522540b660c8dc3db5b07601c5a693f1dfda5"}
,"D:\\Holiday Project\\binar-project\\src\\controllers\\coursesController.js": {"path":"D:\\Holiday Project\\binar-project\\src\\controllers\\coursesController.js","statementMap":{"0":{"start":{"line":1,"column":23},"end":{"line":1,"column":60}},"1":{"start":{"line":2,"column":23},"end":{"line":2,"column":58}},"2":{"start":{"line":3,"column":21},"end":{"line":3,"column":54}},"3":{"start":{"line":6,"column":20},"end":{"line":14,"column":1}},"4":{"start":{"line":7,"column":4},"end":{"line":13,"column":5}},"5":{"start":{"line":8,"column":21},"end":{"line":8,"column":55}},"6":{"start":{"line":9,"column":8},"end":{"line":9,"column":104}},"7":{"start":{"line":12,"column":8},"end":{"line":12,"column":30}},"8":{"start":{"line":16,"column":24},"end":{"line":25,"column":1}},"9":{"start":{"line":17,"column":4},"end":{"line":24,"column":5}},"10":{"start":{"line":18,"column":24},"end":{"line":18,"column":32}},"11":{"start":{"line":19,"column":21},"end":{"line":19,"column":66}},"12":{"start":{"line":20,"column":8},"end":{"line":20,"column":100}},"13":{"start":{"line":23,"column":8},"end":{"line":23,"column":30}},"14":{"start":{"line":27,"column":30},"end":{"line":36,"column":1}},"15":{"start":{"line":28,"column":4},"end":{"line":35,"column":5}},"16":{"start":{"line":29,"column":24},"end":{"line":29,"column":32}},"17":{"start":{"line":30,"column":21},"end":{"line":30,"column":72}},"18":{"start":{"line":31,"column":8},"end":{"line":31,"column":100}},"19":{"start":{"line":34,"column":8},"end":{"line":34,"column":30}},"20":{"start":{"line":38,"column":22},"end":{"line":48,"column":1}},"21":{"start":{"line":39,"column":4},"end":{"line":47,"column":5}},"22":{"start":{"line":40,"column":21},"end":{"line":40,"column":29}},"23":{"start":{"line":41,"column":24},"end":{"line":41,"column":32}},"24":{"start":{"line":42,"column":21},"end":{"line":42,"column":69}},"25":{"start":{"line":43,"column":8},"end":{"line":43,"column":111}},"26":{"start":{"line":46,"column":8},"end":{"line":46,"column":30}},"27":{"start":{"line":50,"column":23},"end":{"line":60,"column":1}},"28":{"start":{"line":51,"column":4},"end":{"line":59,"column":5}},"29":{"start":{"line":52,"column":21},"end":{"line":52,"column":29}},"30":{"start":{"line":53,"column":24},"end":{"line":53,"column":32}},"31":{"start":{"line":54,"column":21},"end":{"line":54,"column":70}},"32":{"start":{"line":55,"column":8},"end":{"line":55,"column":111}},"33":{"start":{"line":58,"column":8},"end":{"line":58,"column":30}},"34":{"start":{"line":62,"column":23},"end":{"line":72,"column":1}},"35":{"start":{"line":63,"column":4},"end":{"line":71,"column":5}},"36":{"start":{"line":64,"column":21},"end":{"line":64,"column":29}},"37":{"start":{"line":65,"column":24},"end":{"line":65,"column":32}},"38":{"start":{"line":66,"column":8},"end":{"line":66,"column":58}},"39":{"start":{"line":67,"column":8},"end":{"line":67,"column":106}},"40":{"start":{"line":70,"column":8},"end":{"line":70,"column":30}},"41":{"start":{"line":74,"column":25},"end":{"line":121,"column":1}},"42":{"start":{"line":76,"column":17},"end":{"line":76,"column":25}},"43":{"start":{"line":78,"column":4},"end":{"line":80,"column":5}},"44":{"start":{"line":79,"column":8},"end":{"line":79,"column":118}},"45":{"start":{"line":82,"column":24},"end":{"line":94,"column":5}},"46":{"start":{"line":96,"column":4},"end":{"line":117,"column":5}},"47":{"start":{"line":97,"column":30},"end":{"line":102,"column":10}},"48":{"start":{"line":98,"column":32},"end":{"line":98,"column":48}},"49":{"start":{"line":99,"column":16},"end":{"line":101,"column":18}},"50":{"start":{"line":100,"column":20},"end":{"line":100,"column":50}},"51":{"start":{"line":103,"column":8},"end":{"line":105,"column":9}},"52":{"start":{"line":104,"column":12},"end":{"line":104,"column":148}},"53":{"start":{"line":108,"column":8},"end":{"line":110,"column":9}},"54":{"start":{"line":109,"column":12},"end":{"line":109,"column":118}},"55":{"start":{"line":111,"column":26},"end":{"line":113,"column":10}},"56":{"start":{"line":112,"column":12},"end":{"line":112,"column":42}},"57":{"start":{"line":114,"column":8},"end":{"line":116,"column":9}},"58":{"start":{"line":115,"column":12},"end":{"line":115,"column":148}},"59":{"start":{"line":119,"column":4},"end":{"line":119,"column":11}},"60":{"start":{"line":124,"column":25},"end":{"line":163,"column":1}},"61":{"start":{"line":126,"column":15},"end":{"line":126,"column":23}},"62":{"start":{"line":128,"column":24},"end":{"line":141,"column":5}},"63":{"start":{"line":144,"column":23},"end":{"line":144,"column":65}},"64":{"start":{"line":146,"column":4},"end":{"line":148,"column":5}},"65":{"start":{"line":147,"column":8},"end":{"line":147,"column":85}},"66":{"start":{"line":150,"column":4},"end":{"line":159,"column":5}},"67":{"start":{"line":152,"column":26},"end":{"line":154,"column":10}},"68":{"start":{"line":153,"column":12},"end":{"line":153,"column":45}},"69":{"start":{"line":156,"column":8},"end":{"line":158,"column":9}},"70":{"start":{"line":157,"column":12},"end":{"line":157,"column":118}},"71":{"start":{"line":161,"column":4},"end":{"line":161,"column":11}},"72":{"start":{"line":165,"column":24},"end":{"line":177,"column":1}},"73":{"start":{"line":167,"column":17},"end":{"line":167,"column":25}},"74":{"start":{"line":169,"column":23},"end":{"line":169,"column":65}},"75":{"start":{"line":171,"column":4},"end":{"line":173,"column":5}},"76":{"start":{"line":172,"column":8},"end":{"line":172,"column":85}},"77":{"start":{"line":175,"column":4},"end":{"line":175,"column":11}},"78":{"start":{"line":181,"column":0},"end":{"line":191,"column":1}}},"fnMap":{"0":{"name":"(anonymous_0)","decl":{"start":{"line":6,"column":20},"end":{"line":6,"column":21}},"loc":{"start":{"line":6,"column":39},"end":{"line":14,"column":1}},"line":6},"1":{"name":"(anonymous_1)","decl":{"start":{"line":16,"column":24},"end":{"line":16,"column":25}},"loc":{"start":{"line":16,"column":43},"end":{"line":25,"column":1}},"line":16},"2":{"name":"(anonymous_2)","decl":{"start":{"line":27,"column":30},"end":{"line":27,"column":31}},"loc":{"start":{"line":27,"column":49},"end":{"line":36,"column":1}},"line":27},"3":{"name":"(anonymous_3)","decl":{"start":{"line":38,"column":22},"end":{"line":38,"column":23}},"loc":{"start":{"line":38,"column":41},"end":{"line":48,"column":1}},"line":38},"4":{"name":"(anonymous_4)","decl":{"start":{"line":50,"column":23},"end":{"line":50,"column":24}},"loc":{"start":{"line":50,"column":42},"end":{"line":60,"column":1}},"line":50},"5":{"name":"(anonymous_5)","decl":{"start":{"line":62,"column":23},"end":{"line":62,"column":24}},"loc":{"start":{"line":62,"column":41},"end":{"line":72,"column":1}},"line":62},"6":{"name":"(anonymous_6)","decl":{"start":{"line":74,"column":25},"end":{"line":74,"column":26}},"loc":{"start":{"line":74,"column":52},"end":{"line":121,"column":1}},"line":74},"7":{"name":"(anonymous_7)","decl":{"start":{"line":97,"column":39},"end":{"line":97,"column":40}},"loc":{"start":{"line":97,"column":47},"end":{"line":102,"column":9}},"line":97},"8":{"name":"(anonymous_8)","decl":{"start":{"line":99,"column":41},"end":{"line":99,"column":42}},"loc":{"start":{"line":99,"column":52},"end":{"line":101,"column":17}},"line":99},"9":{"name":"(anonymous_9)","decl":{"start":{"line":111,"column":50},"end":{"line":111,"column":51}},"loc":{"start":{"line":111,"column":61},"end":{"line":113,"column":9}},"line":111},"10":{"name":"(anonymous_10)","decl":{"start":{"line":124,"column":25},"end":{"line":124,"column":26}},"loc":{"start":{"line":124,"column":52},"end":{"line":163,"column":1}},"line":124},"11":{"name":"(anonymous_11)","decl":{"start":{"line":152,"column":48},"end":{"line":152,"column":49}},"loc":{"start":{"line":152,"column":55},"end":{"line":154,"column":9}},"line":152},"12":{"name":"(anonymous_12)","decl":{"start":{"line":165,"column":24},"end":{"line":165,"column":25}},"loc":{"start":{"line":165,"column":51},"end":{"line":177,"column":1}},"line":165}},"branchMap":{"0":{"loc":{"start":{"line":78,"column":4},"end":{"line":80,"column":5}},"type":"if","locations":[{"start":{"line":78,"column":4},"end":{"line":80,"column":5}},{"start":{},"end":{}}],"line":78},"1":{"loc":{"start":{"line":96,"column":4},"end":{"line":117,"column":5}},"type":"if","locations":[{"start":{"line":96,"column":4},"end":{"line":117,"column":5}},{"start":{"line":106,"column":9},"end":{"line":117,"column":5}}],"line":96},"2":{"loc":{"start":{"line":103,"column":8},"end":{"line":105,"column":9}},"type":"if","locations":[{"start":{"line":103,"column":8},"end":{"line":105,"column":9}},{"start":{},"end":{}}],"line":103},"3":{"loc":{"start":{"line":108,"column":8},"end":{"line":110,"column":9}},"type":"if","locations":[{"start":{"line":108,"column":8},"end":{"line":110,"column":9}},{"start":{},"end":{}}],"line":108},"4":{"loc":{"start":{"line":108,"column":11},"end":{"line":108,"column":73}},"type":"binary-expr","locations":[{"start":{"line":108,"column":11},"end":{"line":108,"column":40}},{"start":{"line":108,"column":44},"end":{"line":108,"column":73}}],"line":108},"5":{"loc":{"start":{"line":114,"column":8},"end":{"line":116,"column":9}},"type":"if","locations":[{"start":{"line":114,"column":8},"end":{"line":116,"column":9}},{"start":{},"end":{}}],"line":114},"6":{"loc":{"start":{"line":146,"column":4},"end":{"line":148,"column":5}},"type":"if","locations":[{"start":{"line":146,"column":4},"end":{"line":148,"column":5}},{"start":{},"end":{}}],"line":146},"7":{"loc":{"start":{"line":150,"column":4},"end":{"line":159,"column":5}},"type":"if","locations":[{"start":{"line":150,"column":4},"end":{"line":159,"column":5}},{"start":{},"end":{}}],"line":150},"8":{"loc":{"start":{"line":156,"column":8},"end":{"line":158,"column":9}},"type":"if","locations":[{"start":{"line":156,"column":8},"end":{"line":158,"column":9}},{"start":{},"end":{}}],"line":156},"9":{"loc":{"start":{"line":171,"column":4},"end":{"line":173,"column":5}},"type":"if","locations":[{"start":{"line":171,"column":4},"end":{"line":173,"column":5}},{"start":{},"end":{}}],"line":171}},"s":{"0":1,"1":1,"2":1,"3":1,"4":0,"5":0,"6":0,"7":0,"8":1,"9":0,"10":0,"11":0,"12":0,"13":0,"14":1,"15":0,"16":0,"17":0,"18":0,"19":0,"20":1,"21":0,"22":0,"23":0,"24":0,"25":0,"26":0,"27":1,"28":0,"29":0,"30":0,"31":0,"32":0,"33":0,"34":1,"35":0,"36":0,"37":0,"38":0,"39":0,"40":0,"41":1,"42":0,"43":0,"44":0,"45":0,"46":0,"47":0,"48":0,"49":0,"50":0,"51":0,"52":0,"53":0,"54":0,"55":0,"56":0,"57":0,"58":0,"59":0,"60":1,"61":0,"62":0,"63":0,"64":0,"65":0,"66":0,"67":0,"68":0,"69":0,"70":0,"71":0,"72":1,"73":0,"74":0,"75":0,"76":0,"77":0,"78":1},"f":{"0":0,"1":0,"2":0,"3":0,"4":0,"5":0,"6":0,"7":0,"8":0,"9":0,"10":0,"11":0,"12":0},"b":{"0":[0,0],"1":[0,0],"2":[0,0],"3":[0,0],"4":[0,0],"5":[0,0],"6":[0,0],"7":[0,0],"8":[0,0],"9":[0,0]},"_coverageSchema":"1a1c01bbd47fc00a2c39e90264f33305004495a9","hash":"d68a0b5d938c296c93f5dae46267b0af4fe851f2"}
,"D:\\Holiday Project\\binar-project\\src\\controllers\\moduleTrackingController.js": {"path":"D:\\Holiday Project\\binar-project\\src\\controllers\\moduleTrackingController.js","statementMap":{"0":{"start":{"line":1,"column":30},"end":{"line":1,"column":74}},"1":{"start":{"line":2,"column":23},"end":{"line":2,"column":58}},"2":{"start":{"line":3,"column":21},"end":{"line":3,"column":54}},"3":{"start":{"line":5,"column":31},"end":{"line":14,"column":1}},"4":{"start":{"line":6,"column":4},"end":{"line":13,"column":5}},"5":{"start":{"line":7,"column":24},"end":{"line":7,"column":32}},"6":{"start":{"line":8,"column":21},"end":{"line":8,"column":80}},"7":{"start":{"line":9,"column":8},"end":{"line":9,"column":109}},"8":{"start":{"line":12,"column":8},"end":{"line":12,"column":30}},"9":{"start":{"line":16,"column":27},"end":{"line":24,"column":1}},"10":{"start":{"line":17,"column":4},"end":{"line":23,"column":5}},"11":{"start":{"line":18,"column":21},"end":{"line":18,"column":69}},"12":{"start":{"line":19,"column":8},"end":{"line":19,"column":113}},"13":{"start":{"line":22,"column":8},"end":{"line":22,"column":30}},"14":{"start":{"line":26,"column":29},"end":{"line":35,"column":1}},"15":{"start":{"line":27,"column":4},"end":{"line":34,"column":5}},"16":{"start":{"line":28,"column":24},"end":{"line":28,"column":32}},"17":{"start":{"line":29,"column":21},"end":{"line":29,"column":78}},"18":{"start":{"line":30,"column":8},"end":{"line":30,"column":120}},"19":{"start":{"line":33,"column":8},"end":{"line":33,"column":30}},"20":{"start":{"line":37,"column":30},"end":{"line":46,"column":1}},"21":{"start":{"line":38,"column":4},"end":{"line":45,"column":5}},"22":{"start":{"line":39,"column":24},"end":{"line":39,"column":32}},"23":{"start":{"line":40,"column":21},"end":{"line":40,"column":79}},"24":{"start":{"line":41,"column":8},"end":{"line":41,"column":120}},"25":{"start":{"line":44,"column":8},"end":{"line":44,"column":30}},"26":{"start":{"line":48,"column":25},"end":{"line":85,"column":1}},"27":{"start":{"line":50,"column":17},"end":{"line":50,"column":25}},"28":{"start":{"line":52,"column":4},"end":{"line":54,"column":5}},"29":{"start":{"line":53,"column":8},"end":{"line":53,"column":118}},"30":{"start":{"line":56,"column":24},"end":{"line":58,"column":5}},"31":{"start":{"line":60,"column":4},"end":{"line":81,"column":5}},"32":{"start":{"line":61,"column":30},"end":{"line":66,"column":10}},"33":{"start":{"line":62,"column":32},"end":{"line":62,"column":48}},"34":{"start":{"line":63,"column":16},"end":{"line":65,"column":18}},"35":{"start":{"line":64,"column":20},"end":{"line":64,"column":50}},"36":{"start":{"line":67,"column":8},"end":{"line":69,"column":9}},"37":{"start":{"line":68,"column":12},"end":{"line":68,"column":148}},"38":{"start":{"line":72,"column":8},"end":{"line":74,"column":9}},"39":{"start":{"line":73,"column":12},"end":{"line":73,"column":119}},"40":{"start":{"line":75,"column":26},"end":{"line":77,"column":10}},"41":{"start":{"line":76,"column":12},"end":{"line":76,"column":42}},"42":{"start":{"line":78,"column":8},"end":{"line":80,"column":9}},"43":{"start":{"line":79,"column":12},"end":{"line":79,"column":148}},"44":{"start":{"line":83,"column":4},"end":{"line":83,"column":11}},"45":{"start":{"line":87,"column":25},"end":{"line":114,"column":1}},"46":{"start":{"line":89,"column":15},"end":{"line":89,"column":23}},"47":{"start":{"line":91,"column":24},"end":{"line":93,"column":5}},"48":{"start":{"line":95,"column":23},"end":{"line":95,"column":79}},"49":{"start":{"line":97,"column":4},"end":{"line":99,"column":5}},"50":{"start":{"line":98,"column":8},"end":{"line":98,"column":85}},"51":{"start":{"line":101,"column":4},"end":{"line":110,"column":5}},"52":{"start":{"line":103,"column":26},"end":{"line":105,"column":10}},"53":{"start":{"line":104,"column":12},"end":{"line":104,"column":45}},"54":{"start":{"line":107,"column":8},"end":{"line":109,"column":9}},"55":{"start":{"line":108,"column":12},"end":{"line":108,"column":118}},"56":{"start":{"line":112,"column":4},"end":{"line":112,"column":11}},"57":{"start":{"line":116,"column":24},"end":{"line":128,"column":1}},"58":{"start":{"line":118,"column":17},"end":{"line":118,"column":25}},"59":{"start":{"line":120,"column":23},"end":{"line":120,"column":79}},"60":{"start":{"line":122,"column":4},"end":{"line":124,"column":5}},"61":{"start":{"line":123,"column":8},"end":{"line":123,"column":85}},"62":{"start":{"line":126,"column":4},"end":{"line":126,"column":11}},"63":{"start":{"line":130,"column":0},"end":{"line":138,"column":1}}},"fnMap":{"0":{"name":"(anonymous_0)","decl":{"start":{"line":5,"column":31},"end":{"line":5,"column":32}},"loc":{"start":{"line":5,"column":50},"end":{"line":14,"column":1}},"line":5},"1":{"name":"(anonymous_1)","decl":{"start":{"line":16,"column":27},"end":{"line":16,"column":28}},"loc":{"start":{"line":16,"column":46},"end":{"line":24,"column":1}},"line":16},"2":{"name":"(anonymous_2)","decl":{"start":{"line":26,"column":29},"end":{"line":26,"column":30}},"loc":{"start":{"line":26,"column":48},"end":{"line":35,"column":1}},"line":26},"3":{"name":"(anonymous_3)","decl":{"start":{"line":37,"column":30},"end":{"line":37,"column":31}},"loc":{"start":{"line":37,"column":49},"end":{"line":46,"column":1}},"line":37},"4":{"name":"(anonymous_4)","decl":{"start":{"line":48,"column":25},"end":{"line":48,"column":26}},"loc":{"start":{"line":48,"column":52},"end":{"line":85,"column":1}},"line":48},"5":{"name":"(anonymous_5)","decl":{"start":{"line":61,"column":39},"end":{"line":61,"column":40}},"loc":{"start":{"line":61,"column":47},"end":{"line":66,"column":9}},"line":61},"6":{"name":"(anonymous_6)","decl":{"start":{"line":63,"column":41},"end":{"line":63,"column":42}},"loc":{"start":{"line":63,"column":52},"end":{"line":65,"column":17}},"line":63},"7":{"name":"(anonymous_7)","decl":{"start":{"line":75,"column":50},"end":{"line":75,"column":51}},"loc":{"start":{"line":75,"column":61},"end":{"line":77,"column":9}},"line":75},"8":{"name":"(anonymous_8)","decl":{"start":{"line":87,"column":25},"end":{"line":87,"column":26}},"loc":{"start":{"line":87,"column":52},"end":{"line":114,"column":1}},"line":87},"9":{"name":"(anonymous_9)","decl":{"start":{"line":103,"column":48},"end":{"line":103,"column":49}},"loc":{"start":{"line":103,"column":55},"end":{"line":105,"column":9}},"line":103},"10":{"name":"(anonymous_10)","decl":{"start":{"line":116,"column":24},"end":{"line":116,"column":25}},"loc":{"start":{"line":116,"column":51},"end":{"line":128,"column":1}},"line":116}},"branchMap":{"0":{"loc":{"start":{"line":52,"column":4},"end":{"line":54,"column":5}},"type":"if","locations":[{"start":{"line":52,"column":4},"end":{"line":54,"column":5}},{"start":{},"end":{}}],"line":52},"1":{"loc":{"start":{"line":60,"column":4},"end":{"line":81,"column":5}},"type":"if","locations":[{"start":{"line":60,"column":4},"end":{"line":81,"column":5}},{"start":{"line":70,"column":9},"end":{"line":81,"column":5}}],"line":60},"2":{"loc":{"start":{"line":67,"column":8},"end":{"line":69,"column":9}},"type":"if","locations":[{"start":{"line":67,"column":8},"end":{"line":69,"column":9}},{"start":{},"end":{}}],"line":67},"3":{"loc":{"start":{"line":72,"column":8},"end":{"line":74,"column":9}},"type":"if","locations":[{"start":{"line":72,"column":8},"end":{"line":74,"column":9}},{"start":{},"end":{}}],"line":72},"4":{"loc":{"start":{"line":72,"column":11},"end":{"line":72,"column":71}},"type":"binary-expr","locations":[{"start":{"line":72,"column":11},"end":{"line":72,"column":39}},{"start":{"line":72,"column":43},"end":{"line":72,"column":71}}],"line":72},"5":{"loc":{"start":{"line":78,"column":8},"end":{"line":80,"column":9}},"type":"if","locations":[{"start":{"line":78,"column":8},"end":{"line":80,"column":9}},{"start":{},"end":{}}],"line":78},"6":{"loc":{"start":{"line":97,"column":4},"end":{"line":99,"column":5}},"type":"if","locations":[{"start":{"line":97,"column":4},"end":{"line":99,"column":5}},{"start":{},"end":{}}],"line":97},"7":{"loc":{"start":{"line":101,"column":4},"end":{"line":110,"column":5}},"type":"if","locations":[{"start":{"line":101,"column":4},"end":{"line":110,"column":5}},{"start":{},"end":{}}],"line":101},"8":{"loc":{"start":{"line":107,"column":8},"end":{"line":109,"column":9}},"type":"if","locations":[{"start":{"line":107,"column":8},"end":{"line":109,"column":9}},{"start":{},"end":{}}],"line":107},"9":{"loc":{"start":{"line":122,"column":4},"end":{"line":124,"column":5}},"type":"if","locations":[{"start":{"line":122,"column":4},"end":{"line":124,"column":5}},{"start":{},"end":{}}],"line":122}},"s":{"0":1,"1":1,"2":1,"3":1,"4":0,"5":0,"6":0,"7":0,"8":0,"9":1,"10":0,"11":0,"12":0,"13":0,"14":1,"15":0,"16":0,"17":0,"18":0,"19":0,"20":1,"21":0,"22":0,"23":0,"24":0,"25":0,"26":1,"27":0,"28":0,"29":0,"30":0,"31":0,"32":0,"33":0,"34":0,"35":0,"36":0,"37":0,"38":0,"39":0,"40":0,"41":0,"42":0,"43":0,"44":0,"45":1,"46":0,"47":0,"48":0,"49":0,"50":0,"51":0,"52":0,"53":0,"54":0,"55":0,"56":0,"57":1,"58":0,"59":0,"60":0,"61":0,"62":0,"63":1},"f":{"0":0,"1":0,"2":0,"3":0,"4":0,"5":0,"6":0,"7":0,"8":0,"9":0,"10":0},"b":{"0":[0,0],"1":[0,0],"2":[0,0],"3":[0,0],"4":[0,0],"5":[0,0],"6":[0,0],"7":[0,0],"8":[0,0],"9":[0,0]},"_coverageSchema":"1a1c01bbd47fc00a2c39e90264f33305004495a9","hash":"977e87fc6cdd79eaca26da091fa124a5045cb1e2"}
,"D:\\Holiday Project\\binar-project\\src\\controllers\\modulesController.js": {"path":"D:\\Holiday Project\\binar-project\\src\\controllers\\modulesController.js","statementMap":{"0":{"start":{"line":1,"column":23},"end":{"line":1,"column":60}},"1":{"start":{"line":2,"column":23},"end":{"line":2,"column":58}},"2":{"start":{"line":3,"column":21},"end":{"line":3,"column":54}},"3":{"start":{"line":5,"column":24},"end":{"line":14,"column":1}},"4":{"start":{"line":6,"column":4},"end":{"line":13,"column":5}},"5":{"start":{"line":7,"column":24},"end":{"line":7,"column":32}},"6":{"start":{"line":8,"column":21},"end":{"line":8,"column":66}},"7":{"start":{"line":9,"column":8},"end":{"line":9,"column":100}},"8":{"start":{"line":12,"column":8},"end":{"line":12,"column":30}},"9":{"start":{"line":16,"column":20},"end":{"line":24,"column":1}},"10":{"start":{"line":17,"column":4},"end":{"line":23,"column":5}},"11":{"start":{"line":18,"column":21},"end":{"line":18,"column":55}},"12":{"start":{"line":19,"column":8},"end":{"line":19,"column":104}},"13":{"start":{"line":22,"column":8},"end":{"line":22,"column":30}},"14":{"start":{"line":26,"column":22},"end":{"line":35,"column":1}},"15":{"start":{"line":27,"column":4},"end":{"line":34,"column":5}},"16":{"start":{"line":28,"column":24},"end":{"line":28,"column":32}},"17":{"start":{"line":29,"column":21},"end":{"line":29,"column":64}},"18":{"start":{"line":30,"column":8},"end":{"line":30,"column":111}},"19":{"start":{"line":33,"column":8},"end":{"line":33,"column":30}},"20":{"start":{"line":37,"column":23},"end":{"line":46,"column":1}},"21":{"start":{"line":38,"column":4},"end":{"line":45,"column":5}},"22":{"start":{"line":39,"column":24},"end":{"line":39,"column":32}},"23":{"start":{"line":40,"column":21},"end":{"line":40,"column":65}},"24":{"start":{"line":41,"column":8},"end":{"line":41,"column":111}},"25":{"start":{"line":44,"column":8},"end":{"line":44,"column":30}},"26":{"start":{"line":48,"column":25},"end":{"line":85,"column":1}},"27":{"start":{"line":50,"column":17},"end":{"line":50,"column":25}},"28":{"start":{"line":52,"column":4},"end":{"line":54,"column":5}},"29":{"start":{"line":53,"column":8},"end":{"line":53,"column":118}},"30":{"start":{"line":56,"column":24},"end":{"line":58,"column":5}},"31":{"start":{"line":60,"column":4},"end":{"line":81,"column":5}},"32":{"start":{"line":61,"column":30},"end":{"line":66,"column":10}},"33":{"start":{"line":62,"column":32},"end":{"line":62,"column":48}},"34":{"start":{"line":63,"column":16},"end":{"line":65,"column":18}},"35":{"start":{"line":64,"column":20},"end":{"line":64,"column":50}},"36":{"start":{"line":67,"column":8},"end":{"line":69,"column":9}},"37":{"start":{"line":68,"column":12},"end":{"line":68,"column":148}},"38":{"start":{"line":72,"column":8},"end":{"line":74,"column":9}},"39":{"start":{"line":73,"column":12},"end":{"line":73,"column":118}},"40":{"start":{"line":75,"column":26},"end":{"line":77,"column":10}},"41":{"start":{"line":76,"column":12},"end":{"line":76,"column":42}},"42":{"start":{"line":78,"column":8},"end":{"line":80,"column":9}},"43":{"start":{"line":79,"column":12},"end":{"line":79,"column":148}},"44":{"start":{"line":83,"column":4},"end":{"line":83,"column":11}},"45":{"start":{"line":88,"column":25},"end":{"line":115,"column":1}},"46":{"start":{"line":90,"column":15},"end":{"line":90,"column":23}},"47":{"start":{"line":92,"column":24},"end":{"line":94,"column":5}},"48":{"start":{"line":96,"column":23},"end":{"line":96,"column":65}},"49":{"start":{"line":98,"column":4},"end":{"line":100,"column":5}},"50":{"start":{"line":99,"column":8},"end":{"line":99,"column":85}},"51":{"start":{"line":102,"column":4},"end":{"line":111,"column":5}},"52":{"start":{"line":104,"column":26},"end":{"line":106,"column":10}},"53":{"start":{"line":105,"column":12},"end":{"line":105,"column":45}},"54":{"start":{"line":108,"column":8},"end":{"line":110,"column":9}},"55":{"start":{"line":109,"column":12},"end":{"line":109,"column":118}},"56":{"start":{"line":113,"column":4},"end":{"line":113,"column":11}},"57":{"start":{"line":117,"column":24},"end":{"line":129,"column":1}},"58":{"start":{"line":119,"column":17},"end":{"line":119,"column":25}},"59":{"start":{"line":121,"column":23},"end":{"line":121,"column":65}},"60":{"start":{"line":123,"column":4},"end":{"line":125,"column":5}},"61":{"start":{"line":124,"column":8},"end":{"line":124,"column":85}},"62":{"start":{"line":127,"column":4},"end":{"line":127,"column":11}},"63":{"start":{"line":131,"column":0},"end":{"line":139,"column":1}}},"fnMap":{"0":{"name":"(anonymous_0)","decl":{"start":{"line":5,"column":24},"end":{"line":5,"column":25}},"loc":{"start":{"line":5,"column":43},"end":{"line":14,"column":1}},"line":5},"1":{"name":"(anonymous_1)","decl":{"start":{"line":16,"column":20},"end":{"line":16,"column":21}},"loc":{"start":{"line":16,"column":39},"end":{"line":24,"column":1}},"line":16},"2":{"name":"(anonymous_2)","decl":{"start":{"line":26,"column":22},"end":{"line":26,"column":23}},"loc":{"start":{"line":26,"column":41},"end":{"line":35,"column":1}},"line":26},"3":{"name":"(anonymous_3)","decl":{"start":{"line":37,"column":23},"end":{"line":37,"column":24}},"loc":{"start":{"line":37,"column":42},"end":{"line":46,"column":1}},"line":37},"4":{"name":"(anonymous_4)","decl":{"start":{"line":48,"column":25},"end":{"line":48,"column":26}},"loc":{"start":{"line":48,"column":52},"end":{"line":85,"column":1}},"line":48},"5":{"name":"(anonymous_5)","decl":{"start":{"line":61,"column":39},"end":{"line":61,"column":40}},"loc":{"start":{"line":61,"column":47},"end":{"line":66,"column":9}},"line":61},"6":{"name":"(anonymous_6)","decl":{"start":{"line":63,"column":41},"end":{"line":63,"column":42}},"loc":{"start":{"line":63,"column":52},"end":{"line":65,"column":17}},"line":63},"7":{"name":"(anonymous_7)","decl":{"start":{"line":75,"column":50},"end":{"line":75,"column":51}},"loc":{"start":{"line":75,"column":61},"end":{"line":77,"column":9}},"line":75},"8":{"name":"(anonymous_8)","decl":{"start":{"line":88,"column":25},"end":{"line":88,"column":26}},"loc":{"start":{"line":88,"column":52},"end":{"line":115,"column":1}},"line":88},"9":{"name":"(anonymous_9)","decl":{"start":{"line":104,"column":48},"end":{"line":104,"column":49}},"loc":{"start":{"line":104,"column":55},"end":{"line":106,"column":9}},"line":104},"10":{"name":"(anonymous_10)","decl":{"start":{"line":117,"column":24},"end":{"line":117,"column":25}},"loc":{"start":{"line":117,"column":51},"end":{"line":129,"column":1}},"line":117}},"branchMap":{"0":{"loc":{"start":{"line":52,"column":4},"end":{"line":54,"column":5}},"type":"if","locations":[{"start":{"line":52,"column":4},"end":{"line":54,"column":5}},{"start":{},"end":{}}],"line":52},"1":{"loc":{"start":{"line":60,"column":4},"end":{"line":81,"column":5}},"type":"if","locations":[{"start":{"line":60,"column":4},"end":{"line":81,"column":5}},{"start":{"line":70,"column":9},"end":{"line":81,"column":5}}],"line":60},"2":{"loc":{"start":{"line":67,"column":8},"end":{"line":69,"column":9}},"type":"if","locations":[{"start":{"line":67,"column":8},"end":{"line":69,"column":9}},{"start":{},"end":{}}],"line":67},"3":{"loc":{"start":{"line":72,"column":8},"end":{"line":74,"column":9}},"type":"if","locations":[{"start":{"line":72,"column":8},"end":{"line":74,"column":9}},{"start":{},"end":{}}],"line":72},"4":{"loc":{"start":{"line":72,"column":11},"end":{"line":72,"column":71}},"type":"binary-expr","locations":[{"start":{"line":72,"column":11},"end":{"line":72,"column":39}},{"start":{"line":72,"column":43},"end":{"line":72,"column":71}}],"line":72},"5":{"loc":{"start":{"line":78,"column":8},"end":{"line":80,"column":9}},"type":"if","locations":[{"start":{"line":78,"column":8},"end":{"line":80,"column":9}},{"start":{},"end":{}}],"line":78},"6":{"loc":{"start":{"line":98,"column":4},"end":{"line":100,"column":5}},"type":"if","locations":[{"start":{"line":98,"column":4},"end":{"line":100,"column":5}},{"start":{},"end":{}}],"line":98},"7":{"loc":{"start":{"line":102,"column":4},"end":{"line":111,"column":5}},"type":"if","locations":[{"start":{"line":102,"column":4},"end":{"line":111,"column":5}},{"start":{},"end":{}}],"line":102},"8":{"loc":{"start":{"line":108,"column":8},"end":{"line":110,"column":9}},"type":"if","locations":[{"start":{"line":108,"column":8},"end":{"line":110,"column":9}},{"start":{},"end":{}}],"line":108},"9":{"loc":{"start":{"line":123,"column":4},"end":{"line":125,"column":5}},"type":"if","locations":[{"start":{"line":123,"column":4},"end":{"line":125,"column":5}},{"start":{},"end":{}}],"line":123}},"s":{"0":1,"1":1,"2":1,"3":1,"4":0,"5":0,"6":0,"7":0,"8":0,"9":1,"10":0,"11":0,"12":0,"13":0,"14":1,"15":0,"16":0,"17":0,"18":0,"19":0,"20":1,"21":0,"22":0,"23":0,"24":0,"25":0,"26":1,"27":0,"28":0,"29":0,"30":0,"31":0,"32":0,"33":0,"34":0,"35":0,"36":0,"37":0,"38":0,"39":0,"40":0,"41":0,"42":0,"43":0,"44":0,"45":1,"46":0,"47":0,"48":0,"49":0,"50":0,"51":0,"52":0,"53":0,"54":0,"55":0,"56":0,"57":1,"58":0,"59":0,"60":0,"61":0,"62":0,"63":1},"f":{"0":0,"1":0,"2":0,"3":0,"4":0,"5":0,"6":0,"7":0,"8":0,"9":0,"10":0},"b":{"0":[0,0],"1":[0,0],"2":[0,0],"3":[0,0],"4":[0,0],"5":[0,0],"6":[0,0],"7":[0,0],"8":[0,0],"9":[0,0]},"_coverageSchema":"1a1c01bbd47fc00a2c39e90264f33305004495a9","hash":"ff27d6b96d1a8b845c0df31ea45b31f478ef05ee"}
,"D:\\Holiday Project\\binar-project\\src\\controllers\\orderContoller.js": {"path":"D:\\Holiday Project\\binar-project\\src\\controllers\\orderContoller.js","statementMap":{"0":{"start":{"line":1,"column":21},"end":{"line":1,"column":54}},"1":{"start":{"line":2,"column":21},"end":{"line":2,"column":56}},"2":{"start":{"line":3,"column":23},"end":{"line":3,"column":58}},"3":{"start":{"line":5,"column":27},"end":{"line":13,"column":1}},"4":{"start":{"line":6,"column":18},"end":{"line":6,"column":26}},"5":{"start":{"line":8,"column":2},"end":{"line":12,"column":3}},"6":{"start":{"line":9,"column":4},"end":{"line":9,"column":43}},"7":{"start":{"line":11,"column":4},"end":{"line":11,"column":26}},"8":{"start":{"line":15,"column":28},"end":{"line":25,"column":1}},"9":{"start":{"line":16,"column":22},"end":{"line":16,"column":30}},"10":{"start":{"line":18,"column":2},"end":{"line":24,"column":3}},"11":{"start":{"line":19,"column":26},"end":{"line":19,"column":66}},"12":{"start":{"line":21,"column":4},"end":{"line":21,"column":103}},"13":{"start":{"line":23,"column":4},"end":{"line":23,"column":26}},"14":{"start":{"line":27,"column":27},"end":{"line":35,"column":1}},"15":{"start":{"line":28,"column":2},"end":{"line":34,"column":3}},"16":{"start":{"line":29,"column":19},"end":{"line":29,"column":51}},"17":{"start":{"line":31,"column":4},"end":{"line":31,"column":71}},"18":{"start":{"line":33,"column":4},"end":{"line":33,"column":26}},"19":{"start":{"line":37,"column":31},"end":{"line":47,"column":1}},"20":{"start":{"line":38,"column":21},"end":{"line":38,"column":29}},"21":{"start":{"line":40,"column":2},"end":{"line":46,"column":3}},"22":{"start":{"line":41,"column":19},"end":{"line":41,"column":61}},"23":{"start":{"line":43,"column":4},"end":{"line":43,"column":71}},"24":{"start":{"line":45,"column":4},"end":{"line":45,"column":26}},"25":{"start":{"line":49,"column":0},"end":{"line":54,"column":1}}},"fnMap":{"0":{"name":"(anonymous_0)","decl":{"start":{"line":5,"column":27},"end":{"line":5,"column":28}},"loc":{"start":{"line":5,"column":47},"end":{"line":13,"column":1}},"line":5},"1":{"name":"(anonymous_1)","decl":{"start":{"line":15,"column":28},"end":{"line":15,"column":29}},"loc":{"start":{"line":15,"column":48},"end":{"line":25,"column":1}},"line":15},"2":{"name":"(anonymous_2)","decl":{"start":{"line":27,"column":27},"end":{"line":27,"column":28}},"loc":{"start":{"line":27,"column":47},"end":{"line":35,"column":1}},"line":27},"3":{"name":"(anonymous_3)","decl":{"start":{"line":37,"column":31},"end":{"line":37,"column":32}},"loc":{"start":{"line":37,"column":51},"end":{"line":47,"column":1}},"line":37}},"branchMap":{},"s":{"0":1,"1":1,"2":1,"3":1,"4":0,"5":0,"6":0,"7":0,"8":1,"9":0,"10":0,"11":0,"12":0,"13":0,"14":1,"15":0,"16":0,"17":0,"18":0,"19":1,"20":0,"21":0,"22":0,"23":0,"24":0,"25":1},"f":{"0":0,"1":0,"2":0,"3":0},"b":{},"_coverageSchema":"1a1c01bbd47fc00a2c39e90264f33305004495a9","hash":"45131090b0da5bf75f1c359683a50fe501970de0"}
,"D:\\Holiday Project\\binar-project\\src\\middlewares\\authMiddleware.js": {"path":"D:\\Holiday Project\\binar-project\\src\\middlewares\\authMiddleware.js","statementMap":{"0":{"start":{"line":1,"column":12},"end":{"line":1,"column":35}},"1":{"start":{"line":2,"column":23},"end":{"line":2,"column":58}},"2":{"start":{"line":3,"column":21},"end":{"line":3,"column":54}},"3":{"start":{"line":4,"column":20},"end":{"line":4,"column":52}},"4":{"start":{"line":5,"column":19},"end":{"line":5,"column":42}},"5":{"start":{"line":7,"column":18},"end":{"line":25,"column":1}},"6":{"start":{"line":8,"column":21},"end":{"line":8,"column":46}},"7":{"start":{"line":10,"column":16},"end":{"line":10,"column":54}},"8":{"start":{"line":12,"column":2},"end":{"line":24,"column":3}},"9":{"start":{"line":13,"column":4},"end":{"line":13,"column":99}},"10":{"start":{"line":13,"column":16},"end":{"line":13,"column":99}},"11":{"start":{"line":15,"column":4},"end":{"line":21,"column":6}},"12":{"start":{"line":16,"column":6},"end":{"line":16,"column":58}},"13":{"start":{"line":16,"column":15},"end":{"line":16,"column":58}},"14":{"start":{"line":18,"column":6},"end":{"line":18,"column":24}},"15":{"start":{"line":20,"column":6},"end":{"line":20,"column":12}},"16":{"start":{"line":23,"column":4},"end":{"line":23,"column":26}},"17":{"start":{"line":27,"column":0},"end":{"line":29,"column":1}}},"fnMap":{"0":{"name":"(anonymous_0)","decl":{"start":{"line":7,"column":18},"end":{"line":7,"column":19}},"loc":{"start":{"line":7,"column":38},"end":{"line":25,"column":1}},"line":7},"1":{"name":"(anonymous_1)","decl":{"start":{"line":15,"column":55},"end":{"line":15,"column":56}},"loc":{"start":{"line":15,"column":73},"end":{"line":21,"column":5}},"line":15}},"branchMap":{"0":{"loc":{"start":{"line":10,"column":16},"end":{"line":10,"column":54}},"type":"binary-expr","locations":[{"start":{"line":10,"column":16},"end":{"line":10,"column":26}},{"start":{"line":10,"column":30},"end":{"line":10,"column":54}}],"line":10},"1":{"loc":{"start":{"line":13,"column":4},"end":{"line":13,"column":99}},"type":"if","locations":[{"start":{"line":13,"column":4},"end":{"line":13,"column":99}},{"start":{},"end":{}}],"line":13},"2":{"loc":{"start":{"line":16,"column":6},"end":{"line":16,"column":58}},"type":"if","locations":[{"start":{"line":16,"column":6},"end":{"line":16,"column":58}},{"start":{},"end":{}}],"line":16}},"s":{"0":1,"1":1,"2":1,"3":1,"4":1,"5":1,"6":0,"7":0,"8":0,"9":0,"10":0,"11":0,"12":0,"13":0,"14":0,"15":0,"16":0,"17":1},"f":{"0":0,"1":0},"b":{"0":[0,0],"1":[0,0],"2":[0,0]},"_coverageSchema":"1a1c01bbd47fc00a2c39e90264f33305004495a9","hash":"66952b215f5f77965ac3f73c39690255c8357f8c"}
,"D:\\Holiday Project\\binar-project\\src\\repositories\\authRepository.js": {"path":"D:\\Holiday Project\\binar-project\\src\\repositories\\authRepository.js","statementMap":{"0":{"start":{"line":1,"column":15},"end":{"line":1,"column":42}},"1":{"start":{"line":3,"column":15},"end":{"line":9,"column":1}},"2":{"start":{"line":4,"column":2},"end":{"line":8,"column":4}},"3":{"start":{"line":11,"column":20},"end":{"line":19,"column":1}},"4":{"start":{"line":12,"column":15},"end":{"line":16,"column":4}},"5":{"start":{"line":18,"column":2},"end":{"line":18,"column":14}},"6":{"start":{"line":21,"column":20},"end":{"line":29,"column":1}},"7":{"start":{"line":22,"column":15},"end":{"line":26,"column":4}},"8":{"start":{"line":28,"column":2},"end":{"line":28,"column":14}},"9":{"start":{"line":31,"column":27},"end":{"line":46,"column":1}},"10":{"start":{"line":32,"column":15},"end":{"line":43,"column":4}},"11":{"start":{"line":45,"column":2},"end":{"line":45,"column":14}},"12":{"start":{"line":48,"column":0},"end":{"line":53,"column":1}}},"fnMap":{"0":{"name":"(anonymous_0)","decl":{"start":{"line":3,"column":15},"end":{"line":3,"column":16}},"loc":{"start":{"line":3,"column":34},"end":{"line":9,"column":1}},"line":3},"1":{"name":"(anonymous_1)","decl":{"start":{"line":11,"column":20},"end":{"line":11,"column":21}},"loc":{"start":{"line":11,"column":37},"end":{"line":19,"column":1}},"line":11},"2":{"name":"(anonymous_2)","decl":{"start":{"line":21,"column":20},"end":{"line":21,"column":21}},"loc":{"start":{"line":21,"column":37},"end":{"line":29,"column":1}},"line":21},"3":{"name":"(anonymous_3)","decl":{"start":{"line":31,"column":27},"end":{"line":31,"column":28}},"loc":{"start":{"line":31,"column":51},"end":{"line":46,"column":1}},"line":31}},"branchMap":{},"s":{"0":1,"1":1,"2":0,"3":1,"4":0,"5":0,"6":1,"7":0,"8":0,"9":1,"10":0,"11":0,"12":1},"f":{"0":0,"1":0,"2":0,"3":0},"b":{},"_coverageSchema":"1a1c01bbd47fc00a2c39e90264f33305004495a9","hash":"c43364eb9707aa0e65e7877a59a908c7aae86bcd"}
,"D:\\Holiday Project\\binar-project\\src\\repositories\\categoryRepository.js": {"path":"D:\\Holiday Project\\binar-project\\src\\repositories\\categoryRepository.js","statementMap":{"0":{"start":{"line":1,"column":15},"end":{"line":1,"column":42}},"1":{"start":{"line":3,"column":16},"end":{"line":7,"column":1}},"2":{"start":{"line":4,"column":21},"end":{"line":4,"column":53}},"3":{"start":{"line":6,"column":2},"end":{"line":6,"column":19}},"4":{"start":{"line":9,"column":0},"end":{"line":11,"column":1}}},"fnMap":{"0":{"name":"(anonymous_0)","decl":{"start":{"line":3,"column":16},"end":{"line":3,"column":17}},"loc":{"start":{"line":3,"column":28},"end":{"line":7,"column":1}},"line":3}},"branchMap":{},"s":{"0":1,"1":1,"2":0,"3":0,"4":1},"f":{"0":0},"b":{},"_coverageSchema":"1a1c01bbd47fc00a2c39e90264f33305004495a9","hash":"99664245e1292983d8535b5dc8f0e2187cac7cd0"}
,"D:\\Holiday Project\\binar-project\\src\\repositories\\courseTrackingRepository.js": {"path":"D:\\Holiday Project\\binar-project\\src\\repositories\\courseTrackingRepository.js","statementMap":{"0":{"start":{"line":1,"column":15},"end":{"line":1,"column":42}},"1":{"start":{"line":2,"column":23},"end":{"line":2,"column":38}},"2":{"start":{"line":4,"column":27},"end":{"line":6,"column":1}},"3":{"start":{"line":5,"column":4},"end":{"line":5,"column":44}},"4":{"start":{"line":8,"column":31},"end":{"line":17,"column":1}},"5":{"start":{"line":10,"column":20},"end":{"line":10,"column":27}},"6":{"start":{"line":12,"column":4},"end":{"line":16,"column":7}},"7":{"start":{"line":19,"column":29},"end":{"line":42,"column":1}},"8":{"start":{"line":21,"column":43},"end":{"line":21,"column":50}},"9":{"start":{"line":23,"column":4},"end":{"line":41,"column":6}},"10":{"start":{"line":44,"column":30},"end":{"line":56,"column":1}},"11":{"start":{"line":46,"column":30},"end":{"line":46,"column":37}},"12":{"start":{"line":48,"column":4},"end":{"line":55,"column":6}},"13":{"start":{"line":58,"column":0},"end":{"line":63,"column":1}}},"fnMap":{"0":{"name":"(anonymous_0)","decl":{"start":{"line":4,"column":27},"end":{"line":4,"column":28}},"loc":{"start":{"line":4,"column":33},"end":{"line":6,"column":1}},"line":4},"1":{"name":"(anonymous_1)","decl":{"start":{"line":8,"column":31},"end":{"line":8,"column":32}},"loc":{"start":{"line":8,"column":44},"end":{"line":17,"column":1}},"line":8},"2":{"name":"(anonymous_2)","decl":{"start":{"line":19,"column":29},"end":{"line":19,"column":30}},"loc":{"start":{"line":19,"column":42},"end":{"line":42,"column":1}},"line":19},"3":{"name":"(anonymous_3)","decl":{"start":{"line":44,"column":30},"end":{"line":44,"column":31}},"loc":{"start":{"line":44,"column":44},"end":{"line":56,"column":1}},"line":44}},"branchMap":{},"s":{"0":1,"1":1,"2":1,"3":1,"4":1,"5":4,"6":4,"7":1,"8":2,"9":2,"10":1,"11":1,"12":1,"13":1},"f":{"0":1,"1":4,"2":2,"3":1},"b":{},"_coverageSchema":"1a1c01bbd47fc00a2c39e90264f33305004495a9","hash":"2b01cee24b653fb76ed9a42414fce3066a212a95"}
,"D:\\Holiday Project\\binar-project\\src\\repositories\\coursesRepository.js": {"path":"D:\\Holiday Project\\binar-project\\src\\repositories\\coursesRepository.js","statementMap":{"0":{"start":{"line":1,"column":15},"end":{"line":1,"column":42}},"1":{"start":{"line":2,"column":23},"end":{"line":2,"column":38}},"2":{"start":{"line":4,"column":20},"end":{"line":10,"column":1}},"3":{"start":{"line":5,"column":4},"end":{"line":9,"column":7}},"4":{"start":{"line":12,"column":24},"end":{"line":20,"column":1}},"5":{"start":{"line":13,"column":19},"end":{"line":13,"column":26}},"6":{"start":{"line":15,"column":4},"end":{"line":19,"column":7}},"7":{"start":{"line":22,"column":30},"end":{"line":29,"column":1}},"8":{"start":{"line":23,"column":27},"end":{"line":23,"column":34}},"9":{"start":{"line":24,"column":4},"end":{"line":28,"column":7}},"10":{"start":{"line":31,"column":22},"end":{"line":81,"column":1}},"11":{"start":{"line":33,"column":17},"end":{"line":33,"column":26}},"12":{"start":{"line":47,"column":8},"end":{"line":47,"column":15}},"13":{"start":{"line":49,"column":4},"end":{"line":80,"column":6}},"14":{"start":{"line":83,"column":23},"end":{"line":104,"column":1}},"15":{"start":{"line":85,"column":29},"end":{"line":85,"column":36}},"16":{"start":{"line":86,"column":17},"end":{"line":86,"column":26}},"17":{"start":{"line":88,"column":4},"end":{"line":103,"column":6}},"18":{"start":{"line":106,"column":23},"end":{"line":124,"column":1}},"19":{"start":{"line":108,"column":17},"end":{"line":108,"column":26}},"20":{"start":{"line":109,"column":17},"end":{"line":109,"column":24}},"21":{"start":{"line":111,"column":4},"end":{"line":123,"column":6}},"22":{"start":{"line":126,"column":0},"end":{"line":134,"column":1}}},"fnMap":{"0":{"name":"(anonymous_0)","decl":{"start":{"line":4,"column":20},"end":{"line":4,"column":21}},"loc":{"start":{"line":4,"column":26},"end":{"line":10,"column":1}},"line":4},"1":{"name":"(anonymous_1)","decl":{"start":{"line":12,"column":24},"end":{"line":12,"column":25}},"loc":{"start":{"line":12,"column":37},"end":{"line":20,"column":1}},"line":12},"2":{"name":"(anonymous_2)","decl":{"start":{"line":22,"column":30},"end":{"line":22,"column":31}},"loc":{"start":{"line":22,"column":43},"end":{"line":29,"column":1}},"line":22},"3":{"name":"(anonymous_3)","decl":{"start":{"line":31,"column":22},"end":{"line":31,"column":23}},"loc":{"start":{"line":31,"column":44},"end":{"line":81,"column":1}},"line":31},"4":{"name":"(anonymous_4)","decl":{"start":{"line":83,"column":23},"end":{"line":83,"column":24}},"loc":{"start":{"line":83,"column":45},"end":{"line":104,"column":1}},"line":83},"5":{"name":"(anonymous_5)","decl":{"start":{"line":106,"column":23},"end":{"line":106,"column":24}},"loc":{"start":{"line":106,"column":45},"end":{"line":124,"column":1}},"line":106}},"branchMap":{},"s":{"0":1,"1":1,"2":1,"3":0,"4":1,"5":0,"6":0,"7":1,"8":0,"9":0,"10":1,"11":0,"12":0,"13":0,"14":1,"15":0,"16":0,"17":0,"18":1,"19":0,"20":0,"21":0,"22":1},"f":{"0":0,"1":0,"2":0,"3":0,"4":0,"5":0},"b":{},"_coverageSchema":"1a1c01bbd47fc00a2c39e90264f33305004495a9","hash":"a2e93d102aedb7c42f45eb8765a07e5e11dff33f"}
,"D:\\Holiday Project\\binar-project\\src\\repositories\\moduleTrackingRepository.js": {"path":"D:\\Holiday Project\\binar-project\\src\\repositories\\moduleTrackingRepository.js","statementMap":{"0":{"start":{"line":1,"column":15},"end":{"line":1,"column":42}},"1":{"start":{"line":2,"column":23},"end":{"line":2,"column":38}},"2":{"start":{"line":4,"column":31},"end":{"line":13,"column":1}},"3":{"start":{"line":6,"column":20},"end":{"line":6,"column":27}},"4":{"start":{"line":8,"column":4},"end":{"line":12,"column":7}},"5":{"start":{"line":15,"column":27},"end":{"line":17,"column":1}},"6":{"start":{"line":16,"column":4},"end":{"line":16,"column":44}},"7":{"start":{"line":19,"column":29},"end":{"line":41,"column":1}},"8":{"start":{"line":21,"column":43},"end":{"line":21,"column":50}},"9":{"start":{"line":23,"column":4},"end":{"line":40,"column":6}},"10":{"start":{"line":43,"column":30},"end":{"line":55,"column":1}},"11":{"start":{"line":45,"column":30},"end":{"line":45,"column":37}},"12":{"start":{"line":47,"column":4},"end":{"line":54,"column":6}},"13":{"start":{"line":57,"column":0},"end":{"line":62,"column":1}}},"fnMap":{"0":{"name":"(anonymous_0)","decl":{"start":{"line":4,"column":31},"end":{"line":4,"column":32}},"loc":{"start":{"line":4,"column":44},"end":{"line":13,"column":1}},"line":4},"1":{"name":"(anonymous_1)","decl":{"start":{"line":15,"column":27},"end":{"line":15,"column":28}},"loc":{"start":{"line":15,"column":33},"end":{"line":17,"column":1}},"line":15},"2":{"name":"(anonymous_2)","decl":{"start":{"line":19,"column":29},"end":{"line":19,"column":30}},"loc":{"start":{"line":19,"column":42},"end":{"line":41,"column":1}},"line":19},"3":{"name":"(anonymous_3)","decl":{"start":{"line":43,"column":30},"end":{"line":43,"column":31}},"loc":{"start":{"line":43,"column":43},"end":{"line":55,"column":1}},"line":43}},"branchMap":{},"s":{"0":1,"1":1,"2":1,"3":0,"4":0,"5":1,"6":0,"7":1,"8":0,"9":0,"10":1,"11":0,"12":0,"13":1},"f":{"0":0,"1":0,"2":0,"3":0},"b":{},"_coverageSchema":"1a1c01bbd47fc00a2c39e90264f33305004495a9","hash":"56441a0b25aebb79918f31c2bb8d93f42915fcdb"}
,"D:\\Holiday Project\\binar-project\\src\\repositories\\modulesRepository.js": {"path":"D:\\Holiday Project\\binar-project\\src\\repositories\\modulesRepository.js","statementMap":{"0":{"start":{"line":1,"column":15},"end":{"line":1,"column":42}},"1":{"start":{"line":2,"column":23},"end":{"line":2,"column":38}},"2":{"start":{"line":4,"column":24},"end":{"line":13,"column":1}},"3":{"start":{"line":6,"column":19},"end":{"line":6,"column":26}},"4":{"start":{"line":8,"column":4},"end":{"line":12,"column":7}},"5":{"start":{"line":15,"column":20},"end":{"line":17,"column":1}},"6":{"start":{"line":16,"column":4},"end":{"line":16,"column":36}},"7":{"start":{"line":19,"column":22},"end":{"line":38,"column":1}},"8":{"start":{"line":21,"column":48},"end":{"line":21,"column":55}},"9":{"start":{"line":23,"column":4},"end":{"line":37,"column":6}},"10":{"start":{"line":40,"column":23},"end":{"line":54,"column":1}},"11":{"start":{"line":42,"column":30},"end":{"line":42,"column":37}},"12":{"start":{"line":44,"column":4},"end":{"line":53,"column":6}},"13":{"start":{"line":56,"column":0},"end":{"line":61,"column":1}}},"fnMap":{"0":{"name":"(anonymous_0)","decl":{"start":{"line":4,"column":24},"end":{"line":4,"column":25}},"loc":{"start":{"line":4,"column":37},"end":{"line":13,"column":1}},"line":4},"1":{"name":"(anonymous_1)","decl":{"start":{"line":15,"column":20},"end":{"line":15,"column":21}},"loc":{"start":{"line":15,"column":26},"end":{"line":17,"column":1}},"line":15},"2":{"name":"(anonymous_2)","decl":{"start":{"line":19,"column":22},"end":{"line":19,"column":23}},"loc":{"start":{"line":19,"column":35},"end":{"line":38,"column":1}},"line":19},"3":{"name":"(anonymous_3)","decl":{"start":{"line":40,"column":23},"end":{"line":40,"column":24}},"loc":{"start":{"line":40,"column":37},"end":{"line":54,"column":1}},"line":40}},"branchMap":{},"s":{"0":1,"1":1,"2":1,"3":0,"4":0,"5":1,"6":0,"7":1,"8":0,"9":0,"10":1,"11":0,"12":0,"13":1},"f":{"0":0,"1":0,"2":0,"3":0},"b":{},"_coverageSchema":"1a1c01bbd47fc00a2c39e90264f33305004495a9","hash":"934241c209e792d66414680ce09fd042d058b271"}
,"D:\\Holiday Project\\binar-project\\src\\repositories\\orderRepository.js": {"path":"D:\\Holiday Project\\binar-project\\src\\repositories\\orderRepository.js","statementMap":{"0":{"start":{"line":1,"column":15},"end":{"line":1,"column":42}},"1":{"start":{"line":3,"column":15},"end":{"line":21,"column":1}},"2":{"start":{"line":4,"column":25},"end":{"line":12,"column":4}},"3":{"start":{"line":14,"column":2},"end":{"line":20,"column":4}},"4":{"start":{"line":23,"column":32},"end":{"line":37,"column":1}},"5":{"start":{"line":24,"column":16},"end":{"line":34,"column":4}},"6":{"start":{"line":36,"column":2},"end":{"line":36,"column":14}},"7":{"start":{"line":39,"column":20},"end":{"line":55,"column":1}},"8":{"start":{"line":40,"column":24},"end":{"line":52,"column":4}},"9":{"start":{"line":54,"column":2},"end":{"line":54,"column":22}},"10":{"start":{"line":57,"column":16},"end":{"line":67,"column":1}},"11":{"start":{"line":58,"column":17},"end":{"line":64,"column":4}},"12":{"start":{"line":66,"column":2},"end":{"line":66,"column":15}},"13":{"start":{"line":69,"column":24},"end":{"line":82,"column":1}},"14":{"start":{"line":70,"column":17},"end":{"line":79,"column":4}},"15":{"start":{"line":81,"column":2},"end":{"line":81,"column":15}},"16":{"start":{"line":84,"column":0},"end":{"line":90,"column":1}}},"fnMap":{"0":{"name":"(anonymous_0)","decl":{"start":{"line":3,"column":15},"end":{"line":3,"column":16}},"loc":{"start":{"line":3,"column":52},"end":{"line":21,"column":1}},"line":3},"1":{"name":"(anonymous_1)","decl":{"start":{"line":23,"column":32},"end":{"line":23,"column":33}},"loc":{"start":{"line":23,"column":60},"end":{"line":37,"column":1}},"line":23},"2":{"name":"(anonymous_2)","decl":{"start":{"line":39,"column":20},"end":{"line":39,"column":21}},"loc":{"start":{"line":39,"column":39},"end":{"line":55,"column":1}},"line":39},"3":{"name":"(anonymous_3)","decl":{"start":{"line":57,"column":16},"end":{"line":57,"column":17}},"loc":{"start":{"line":57,"column":28},"end":{"line":67,"column":1}},"line":57},"4":{"name":"(anonymous_4)","decl":{"start":{"line":69,"column":24},"end":{"line":69,"column":25}},"loc":{"start":{"line":69,"column":42},"end":{"line":82,"column":1}},"line":69}},"branchMap":{},"s":{"0":1,"1":1,"2":0,"3":0,"4":1,"5":0,"6":0,"7":1,"8":0,"9":0,"10":1,"11":0,"12":0,"13":1,"14":0,"15":0,"16":1},"f":{"0":0,"1":0,"2":0,"3":0,"4":0},"b":{},"_coverageSchema":"1a1c01bbd47fc00a2c39e90264f33305004495a9","hash":"622172dea6d249dff504ed311c5de06d933c5d95"}
,"D:\\Holiday Project\\binar-project\\src\\routes\\route.js": {"path":"D:\\Holiday Project\\binar-project\\src\\routes\\route.js","statementMap":{"0":{"start":{"line":1,"column":16},"end":{"line":1,"column":34}},"1":{"start":{"line":2,"column":15},"end":{"line":2,"column":31}},"2":{"start":{"line":4,"column":13},"end":{"line":4,"column":35}},"3":{"start":{"line":5,"column":14},"end":{"line":5,"column":37}},"4":{"start":{"line":6,"column":16},"end":{"line":6,"column":41}},"5":{"start":{"line":7,"column":16},"end":{"line":7,"column":41}},"6":{"start":{"line":8,"column":19},"end":{"line":8,"column":47}},"7":{"start":{"line":9,"column":15},"end":{"line":9,"column":39}},"8":{"start":{"line":10,"column":17},"end":{"line":10,"column":43}},"9":{"start":{"line":11,"column":24},"end":{"line":11,"column":57}},"10":{"start":{"line":12,"column":24},"end":{"line":12,"column":57}},"11":{"start":{"line":13,"column":21},"end":{"line":13,"column":51}},"12":{"start":{"line":16,"column":0},"end":{"line":16,"column":26}},"13":{"start":{"line":17,"column":0},"end":{"line":17,"column":28}},"14":{"start":{"line":18,"column":0},"end":{"line":18,"column":32}},"15":{"start":{"line":19,"column":0},"end":{"line":19,"column":32}},"16":{"start":{"line":20,"column":0},"end":{"line":20,"column":38}},"17":{"start":{"line":21,"column":0},"end":{"line":21,"column":30}},"18":{"start":{"line":22,"column":0},"end":{"line":22,"column":34}},"19":{"start":{"line":23,"column":0},"end":{"line":23,"column":48}},"20":{"start":{"line":24,"column":0},"end":{"line":24,"column":48}},"21":{"start":{"line":25,"column":0},"end":{"line":25,"column":42}},"22":{"start":{"line":28,"column":0},"end":{"line":28,"column":24}}},"fnMap":{},"branchMap":{},"s":{"0":1,"1":1,"2":1,"3":1,"4":1,"5":1,"6":1,"7":1,"8":1,"9":1,"10":1,"11":1,"12":1,"13":1,"14":1,"15":1,"16":1,"17":1,"18":1,"19":1,"20":1,"21":1,"22":1},"f":{},"b":{},"_coverageSchema":"1a1c01bbd47fc00a2c39e90264f33305004495a9","hash":"2ea62e2096504c7ad748403378abbf39f1bf26ae"}
,"D:\\Holiday Project\\binar-project\\src\\services\\authService.js": {"path":"D:\\Holiday Project\\binar-project\\src\\services\\authService.js","statementMap":{"0":{"start":{"line":1,"column":20},"end":{"line":1,"column":52}},"1":{"start":{"line":2,"column":15},"end":{"line":2,"column":32}},"2":{"start":{"line":3,"column":12},"end":{"line":3,"column":35}},"3":{"start":{"line":4,"column":23},"end":{"line":4,"column":64}},"4":{"start":{"line":6,"column":17},"end":{"line":20,"column":1}},"5":{"start":{"line":7,"column":37},"end":{"line":7,"column":44}},"6":{"start":{"line":9,"column":33},"end":{"line":9,"column":72}},"7":{"start":{"line":11,"column":2},"end":{"line":11,"column":78}},"8":{"start":{"line":11,"column":30},"end":{"line":11,"column":78}},"9":{"start":{"line":13,"column":33},"end":{"line":13,"column":72}},"10":{"start":{"line":15,"column":2},"end":{"line":15,"column":78}},"11":{"start":{"line":15,"column":30},"end":{"line":15,"column":78}},"12":{"start":{"line":17,"column":25},"end":{"line":17,"column":56}},"13":{"start":{"line":19,"column":2},"end":{"line":19,"column":71}},"14":{"start":{"line":22,"column":14},"end":{"line":49,"column":1}},"15":{"start":{"line":23,"column":37},"end":{"line":23,"column":44}},"16":{"start":{"line":25,"column":20},"end":{"line":25,"column":73}},"17":{"start":{"line":27,"column":2},"end":{"line":27,"column":77}},"18":{"start":{"line":27,"column":18},"end":{"line":27,"column":77}},"19":{"start":{"line":29,"column":26},"end":{"line":29,"column":76}},"20":{"start":{"line":31,"column":2},"end":{"line":31,"column":68}},"21":{"start":{"line":31,"column":24},"end":{"line":31,"column":68}},"22":{"start":{"line":33,"column":22},"end":{"line":46,"column":3}},"23":{"start":{"line":48,"column":2},"end":{"line":48,"column":20}},"24":{"start":{"line":51,"column":23},"end":{"line":55,"column":1}},"25":{"start":{"line":52,"column":40},"end":{"line":52,"column":44}},"26":{"start":{"line":54,"column":2},"end":{"line":54,"column":21}},"27":{"start":{"line":57,"column":0},"end":{"line":61,"column":1}}},"fnMap":{"0":{"name":"(anonymous_0)","decl":{"start":{"line":6,"column":17},"end":{"line":6,"column":18}},"loc":{"start":{"line":6,"column":36},"end":{"line":20,"column":1}},"line":6},"1":{"name":"(anonymous_1)","decl":{"start":{"line":22,"column":14},"end":{"line":22,"column":15}},"loc":{"start":{"line":22,"column":33},"end":{"line":49,"column":1}},"line":22},"2":{"name":"(anonymous_2)","decl":{"start":{"line":51,"column":23},"end":{"line":51,"column":24}},"loc":{"start":{"line":51,"column":33},"end":{"line":55,"column":1}},"line":51}},"branchMap":{"0":{"loc":{"start":{"line":11,"column":2},"end":{"line":11,"column":78}},"type":"if","locations":[{"start":{"line":11,"column":2},"end":{"line":11,"column":78}},{"start":{},"end":{}}],"line":11},"1":{"loc":{"start":{"line":15,"column":2},"end":{"line":15,"column":78}},"type":"if","locations":[{"start":{"line":15,"column":2},"end":{"line":15,"column":78}},{"start":{},"end":{}}],"line":15},"2":{"loc":{"start":{"line":27,"column":2},"end":{"line":27,"column":77}},"type":"if","locations":[{"start":{"line":27,"column":2},"end":{"line":27,"column":77}},{"start":{},"end":{}}],"line":27},"3":{"loc":{"start":{"line":31,"column":2},"end":{"line":31,"column":68}},"type":"if","locations":[{"start":{"line":31,"column":2},"end":{"line":31,"column":68}},{"start":{},"end":{}}],"line":31}},"s":{"0":1,"1":1,"2":1,"3":1,"4":1,"5":0,"6":0,"7":0,"8":0,"9":0,"10":0,"11":0,"12":0,"13":0,"14":1,"15":0,"16":0,"17":0,"18":0,"19":0,"20":0,"21":0,"22":0,"23":0,"24":1,"25":0,"26":0,"27":1},"f":{"0":0,"1":0,"2":0},"b":{"0":[0,0],"1":[0,0],"2":[0,0],"3":[0,0]},"_coverageSchema":"1a1c01bbd47fc00a2c39e90264f33305004495a9","hash":"d33514f9ca6a3fbd9edaa18aa376fc86e2e4fed2"}
,"D:\\Holiday Project\\binar-project\\src\\services\\categoryService.js": {"path":"D:\\Holiday Project\\binar-project\\src\\services\\categoryService.js","statementMap":{"0":{"start":{"line":1,"column":27},"end":{"line":1,"column":72}},"1":{"start":{"line":2,"column":23},"end":{"line":6,"column":1}},"2":{"start":{"line":3,"column":21},"end":{"line":3,"column":55}},"3":{"start":{"line":5,"column":2},"end":{"line":5,"column":19}},"4":{"start":{"line":8,"column":0},"end":{"line":10,"column":1}}},"fnMap":{"0":{"name":"(anonymous_0)","decl":{"start":{"line":2,"column":23},"end":{"line":2,"column":24}},"loc":{"start":{"line":2,"column":35},"end":{"line":6,"column":1}},"line":2}},"branchMap":{},"s":{"0":1,"1":1,"2":0,"3":0,"4":1},"f":{"0":0},"b":{},"_coverageSchema":"1a1c01bbd47fc00a2c39e90264f33305004495a9","hash":"a0228fc3a5ef717ac26b773810b80775f020090b"}
,"D:\\Holiday Project\\binar-project\\src\\services\\courseTrackingService.js": {"path":"D:\\Holiday Project\\binar-project\\src\\services\\courseTrackingService.js","statementMap":{"0":{"start":{"line":1,"column":33},"end":{"line":1,"column":84}},"1":{"start":{"line":3,"column":27},"end":{"line":5,"column":1}},"2":{"start":{"line":4,"column":4},"end":{"line":4,"column":57}},"3":{"start":{"line":7,"column":31},"end":{"line":9,"column":1}},"4":{"start":{"line":8,"column":4},"end":{"line":8,"column":67}},"5":{"start":{"line":11,"column":29},"end":{"line":13,"column":1}},"6":{"start":{"line":12,"column":4},"end":{"line":12,"column":65}},"7":{"start":{"line":15,"column":30},"end":{"line":17,"column":1}},"8":{"start":{"line":16,"column":4},"end":{"line":16,"column":66}},"9":{"start":{"line":19,"column":0},"end":{"line":24,"column":1}}},"fnMap":{"0":{"name":"(anonymous_0)","decl":{"start":{"line":3,"column":27},"end":{"line":3,"column":28}},"loc":{"start":{"line":3,"column":33},"end":{"line":5,"column":1}},"line":3},"1":{"name":"(anonymous_1)","decl":{"start":{"line":7,"column":31},"end":{"line":7,"column":32}},"loc":{"start":{"line":7,"column":44},"end":{"line":9,"column":1}},"line":7},"2":{"name":"(anonymous_2)","decl":{"start":{"line":11,"column":29},"end":{"line":11,"column":30}},"loc":{"start":{"line":11,"column":42},"end":{"line":13,"column":1}},"line":11},"3":{"name":"(anonymous_3)","decl":{"start":{"line":15,"column":30},"end":{"line":15,"column":31}},"loc":{"start":{"line":15,"column":43},"end":{"line":17,"column":1}},"line":15}},"branchMap":{},"s":{"0":1,"1":1,"2":1,"3":1,"4":4,"5":1,"6":2,"7":1,"8":1,"9":1},"f":{"0":1,"1":4,"2":2,"3":1},"b":{},"_coverageSchema":"1a1c01bbd47fc00a2c39e90264f33305004495a9","hash":"81f656ba48e35d945faf96f9ac38c89e3d3ad8df"}
,"D:\\Holiday Project\\binar-project\\src\\services\\coursesService.js": {"path":"D:\\Holiday Project\\binar-project\\src\\services\\coursesService.js","statementMap":{"0":{"start":{"line":1,"column":26},"end":{"line":1,"column":70}},"1":{"start":{"line":3,"column":20},"end":{"line":5,"column":1}},"2":{"start":{"line":4,"column":4},"end":{"line":4,"column":43}},"3":{"start":{"line":7,"column":24},"end":{"line":9,"column":1}},"4":{"start":{"line":8,"column":4},"end":{"line":8,"column":54}},"5":{"start":{"line":10,"column":30},"end":{"line":12,"column":1}},"6":{"start":{"line":11,"column":4},"end":{"line":11,"column":60}},"7":{"start":{"line":14,"column":22},"end":{"line":16,"column":1}},"8":{"start":{"line":15,"column":4},"end":{"line":15,"column":59}},"9":{"start":{"line":18,"column":23},"end":{"line":20,"column":1}},"10":{"start":{"line":19,"column":4},"end":{"line":19,"column":59}},"11":{"start":{"line":22,"column":23},"end":{"line":24,"column":1}},"12":{"start":{"line":23,"column":4},"end":{"line":23,"column":59}},"13":{"start":{"line":26,"column":0},"end":{"line":33,"column":1}}},"fnMap":{"0":{"name":"(anonymous_0)","decl":{"start":{"line":3,"column":20},"end":{"line":3,"column":21}},"loc":{"start":{"line":3,"column":26},"end":{"line":5,"column":1}},"line":3},"1":{"name":"(anonymous_1)","decl":{"start":{"line":7,"column":24},"end":{"line":7,"column":25}},"loc":{"start":{"line":7,"column":37},"end":{"line":9,"column":1}},"line":7},"2":{"name":"(anonymous_2)","decl":{"start":{"line":10,"column":30},"end":{"line":10,"column":31}},"loc":{"start":{"line":10,"column":43},"end":{"line":12,"column":1}},"line":10},"3":{"name":"(anonymous_3)","decl":{"start":{"line":14,"column":22},"end":{"line":14,"column":23}},"loc":{"start":{"line":14,"column":44},"end":{"line":16,"column":1}},"line":14},"4":{"name":"(anonymous_4)","decl":{"start":{"line":18,"column":23},"end":{"line":18,"column":24}},"loc":{"start":{"line":18,"column":45},"end":{"line":20,"column":1}},"line":18},"5":{"name":"(anonymous_5)","decl":{"start":{"line":22,"column":23},"end":{"line":22,"column":24}},"loc":{"start":{"line":22,"column":45},"end":{"line":24,"column":1}},"line":22}},"branchMap":{},"s":{"0":1,"1":1,"2":0,"3":1,"4":0,"5":1,"6":0,"7":1,"8":0,"9":1,"10":0,"11":1,"12":0,"13":1},"f":{"0":0,"1":0,"2":0,"3":0,"4":0,"5":0},"b":{},"_coverageSchema":"1a1c01bbd47fc00a2c39e90264f33305004495a9","hash":"52d503c73c92e1c0c8f773c6b6d6560c44b974fb"}
,"D:\\Holiday Project\\binar-project\\src\\services\\moduleTrackingService.js": {"path":"D:\\Holiday Project\\binar-project\\src\\services\\moduleTrackingService.js","statementMap":{"0":{"start":{"line":1,"column":33},"end":{"line":1,"column":84}},"1":{"start":{"line":3,"column":31},"end":{"line":5,"column":1}},"2":{"start":{"line":4,"column":4},"end":{"line":4,"column":68}},"3":{"start":{"line":7,"column":27},"end":{"line":9,"column":1}},"4":{"start":{"line":8,"column":4},"end":{"line":8,"column":57}},"5":{"start":{"line":11,"column":29},"end":{"line":13,"column":1}},"6":{"start":{"line":12,"column":4},"end":{"line":12,"column":65}},"7":{"start":{"line":15,"column":30},"end":{"line":17,"column":1}},"8":{"start":{"line":16,"column":4},"end":{"line":16,"column":66}},"9":{"start":{"line":20,"column":0},"end":{"line":25,"column":1}}},"fnMap":{"0":{"name":"(anonymous_0)","decl":{"start":{"line":3,"column":31},"end":{"line":3,"column":32}},"loc":{"start":{"line":3,"column":44},"end":{"line":5,"column":1}},"line":3},"1":{"name":"(anonymous_1)","decl":{"start":{"line":7,"column":27},"end":{"line":7,"column":28}},"loc":{"start":{"line":7,"column":33},"end":{"line":9,"column":1}},"line":7},"2":{"name":"(anonymous_2)","decl":{"start":{"line":11,"column":29},"end":{"line":11,"column":30}},"loc":{"start":{"line":11,"column":42},"end":{"line":13,"column":1}},"line":11},"3":{"name":"(anonymous_3)","decl":{"start":{"line":15,"column":30},"end":{"line":15,"column":31}},"loc":{"start":{"line":15,"column":43},"end":{"line":17,"column":1}},"line":15}},"branchMap":{},"s":{"0":1,"1":1,"2":0,"3":1,"4":0,"5":1,"6":0,"7":1,"8":0,"9":1},"f":{"0":0,"1":0,"2":0,"3":0},"b":{},"_coverageSchema":"1a1c01bbd47fc00a2c39e90264f33305004495a9","hash":"780e1be381ee7a67927e67bb1db4c2e93a6f7bba"}
,"D:\\Holiday Project\\binar-project\\src\\services\\modulesService.js": {"path":"D:\\Holiday Project\\binar-project\\src\\services\\modulesService.js","statementMap":{"0":{"start":{"line":1,"column":26},"end":{"line":1,"column":70}},"1":{"start":{"line":3,"column":24},"end":{"line":5,"column":1}},"2":{"start":{"line":4,"column":4},"end":{"line":4,"column":53}},"3":{"start":{"line":7,"column":20},"end":{"line":9,"column":1}},"4":{"start":{"line":8,"column":4},"end":{"line":8,"column":42}},"5":{"start":{"line":11,"column":22},"end":{"line":13,"column":1}},"6":{"start":{"line":12,"column":4},"end":{"line":12,"column":51}},"7":{"start":{"line":15,"column":23},"end":{"line":17,"column":1}},"8":{"start":{"line":16,"column":4},"end":{"line":16,"column":52}},"9":{"start":{"line":19,"column":0},"end":{"line":24,"column":1}}},"fnMap":{"0":{"name":"(anonymous_0)","decl":{"start":{"line":3,"column":24},"end":{"line":3,"column":25}},"loc":{"start":{"line":3,"column":37},"end":{"line":5,"column":1}},"line":3},"1":{"name":"(anonymous_1)","decl":{"start":{"line":7,"column":20},"end":{"line":7,"column":21}},"loc":{"start":{"line":7,"column":26},"end":{"line":9,"column":1}},"line":7},"2":{"name":"(anonymous_2)","decl":{"start":{"line":11,"column":22},"end":{"line":11,"column":23}},"loc":{"start":{"line":11,"column":35},"end":{"line":13,"column":1}},"line":11},"3":{"name":"(anonymous_3)","decl":{"start":{"line":15,"column":23},"end":{"line":15,"column":24}},"loc":{"start":{"line":15,"column":36},"end":{"line":17,"column":1}},"line":15}},"branchMap":{},"s":{"0":1,"1":1,"2":0,"3":1,"4":0,"5":1,"6":0,"7":1,"8":0,"9":1},"f":{"0":0,"1":0,"2":0,"3":0},"b":{},"_coverageSchema":"1a1c01bbd47fc00a2c39e90264f33305004495a9","hash":"fd80b30713313bcb7896e6d127a7a83a3a70a06b"}
,"D:\\Holiday Project\\binar-project\\src\\services\\orderService.js": {"path":"D:\\Holiday Project\\binar-project\\src\\services\\orderService.js","statementMap":{"0":{"start":{"line":1,"column":24},"end":{"line":1,"column":66}},"1":{"start":{"line":2,"column":20},"end":{"line":2,"column":52}},"2":{"start":{"line":4,"column":20},"end":{"line":12,"column":1}},"3":{"start":{"line":5,"column":38},"end":{"line":5,"column":45}},"4":{"start":{"line":7,"column":30},"end":{"line":7,"column":93}},"5":{"start":{"line":9,"column":2},"end":{"line":9,"column":86}},"6":{"start":{"line":9,"column":27},"end":{"line":9,"column":86}},"7":{"start":{"line":11,"column":2},"end":{"line":11,"column":57}},"8":{"start":{"line":14,"column":21},"end":{"line":16,"column":1}},"9":{"start":{"line":15,"column":2},"end":{"line":15,"column":51}},"10":{"start":{"line":18,"column":20},"end":{"line":20,"column":1}},"11":{"start":{"line":19,"column":2},"end":{"line":19,"column":40}},"12":{"start":{"line":22,"column":24},"end":{"line":24,"column":1}},"13":{"start":{"line":23,"column":2},"end":{"line":23,"column":54}},"14":{"start":{"line":26,"column":0},"end":{"line":31,"column":1}}},"fnMap":{"0":{"name":"(anonymous_0)","decl":{"start":{"line":4,"column":20},"end":{"line":4,"column":21}},"loc":{"start":{"line":4,"column":39},"end":{"line":12,"column":1}},"line":4},"1":{"name":"(anonymous_1)","decl":{"start":{"line":14,"column":21},"end":{"line":14,"column":22}},"loc":{"start":{"line":14,"column":40},"end":{"line":16,"column":1}},"line":14},"2":{"name":"(anonymous_2)","decl":{"start":{"line":18,"column":20},"end":{"line":18,"column":21}},"loc":{"start":{"line":18,"column":32},"end":{"line":20,"column":1}},"line":18},"3":{"name":"(anonymous_3)","decl":{"start":{"line":22,"column":24},"end":{"line":22,"column":25}},"loc":{"start":{"line":22,"column":42},"end":{"line":24,"column":1}},"line":22}},"branchMap":{"0":{"loc":{"start":{"line":9,"column":2},"end":{"line":9,"column":86}},"type":"if","locations":[{"start":{"line":9,"column":2},"end":{"line":9,"column":86}},{"start":{},"end":{}}],"line":9}},"s":{"0":1,"1":1,"2":1,"3":0,"4":0,"5":0,"6":0,"7":0,"8":1,"9":0,"10":1,"11":0,"12":1,"13":0,"14":1},"f":{"0":0,"1":0,"2":0,"3":0},"b":{"0":[0,0]},"_coverageSchema":"1a1c01bbd47fc00a2c39e90264f33305004495a9","hash":"f09c97a9b2881f01dec27901bb95fe7039bf101c"}
}
