{"D:\\Holiday Project\\binar-project\\lib\\customError.js": {"path":"D:\\Holiday Project\\binar-project\\lib\\customError.js","statementMap":{"0":{"start":{"line":3,"column":4},"end":{"line":3,"column":19}},"1":{"start":{"line":4,"column":4},"end":{"line":4,"column":21}},"2":{"start":{"line":8,"column":0},"end":{"line":8,"column":29}}},"fnMap":{"0":{"name":"(anonymous_0)","decl":{"start":{"line":2,"column":2},"end":{"line":2,"column":3}},"loc":{"start":{"line":2,"column":29},"end":{"line":5,"column":3}},"line":2}},"branchMap":{},"s":{"0":0,"1":0,"2":1},"f":{"0":0},"b":{},"_coverageSchema":"1a1c01bbd47fc00a2c39e90264f33305004495a9","hash":"52505273719e91d38e11812b491b53074323524c"}
,"D:\\Holiday Project\\binar-project\\lib\\customResponse.js": {"path":"D:\\Holiday Project\\binar-project\\lib\\customResponse.js","statementMap":{"0":{"start":{"line":3,"column":4},"end":{"line":3,"column":25}},"1":{"start":{"line":4,"column":4},"end":{"line":4,"column":27}},"2":{"start":{"line":5,"column":4},"end":{"line":5,"column":21}},"3":{"start":{"line":9,"column":0},"end":{"line":9,"column":31}}},"fnMap":{"0":{"name":"(anonymous_0)","decl":{"start":{"line":2,"column":2},"end":{"line":2,"column":3}},"loc":{"start":{"line":2,"column":44},"end":{"line":6,"column":3}},"line":2}},"branchMap":{"0":{"loc":{"start":{"line":2,"column":31},"end":{"line":2,"column":42}},"type":"default-arg","locations":[{"start":{"line":2,"column":38},"end":{"line":2,"column":42}}],"line":2}},"s":{"0":32,"1":32,"2":32,"3":1},"f":{"0":32},"b":{"0":[21]},"_coverageSchema":"1a1c01bbd47fc00a2c39e90264f33305004495a9","hash":"d958e6a6c7fcb17d52cb5aaea99ea6cb553e27b0"}
,"D:\\Holiday Project\\binar-project\\lib\\errorHandler.js": {"path":"D:\\Holiday Project\\binar-project\\lib\\errorHandler.js","statementMap":{"0":{"start":{"line":1,"column":20},"end":{"line":1,"column":44}},"1":{"start":{"line":2,"column":23},"end":{"line":2,"column":50}},"2":{"start":{"line":4,"column":21},"end":{"line":10,"column":1}},"3":{"start":{"line":5,"column":2},"end":{"line":7,"column":3}},"4":{"start":{"line":6,"column":4},"end":{"line":6,"column":77}},"5":{"start":{"line":9,"column":2},"end":{"line":9,"column":70}},"6":{"start":{"line":12,"column":0},"end":{"line":12,"column":29}}},"fnMap":{"0":{"name":"(anonymous_0)","decl":{"start":{"line":4,"column":21},"end":{"line":4,"column":22}},"loc":{"start":{"line":4,"column":35},"end":{"line":10,"column":1}},"line":4}},"branchMap":{"0":{"loc":{"start":{"line":5,"column":2},"end":{"line":7,"column":3}},"type":"if","locations":[{"start":{"line":5,"column":2},"end":{"line":7,"column":3}},{"start":{},"end":{}}],"line":5}},"s":{"0":1,"1":1,"2":1,"3":6,"4":0,"5":6,"6":1},"f":{"0":6},"b":{"0":[0,6]},"_coverageSchema":"1a1c01bbd47fc00a2c39e90264f33305004495a9","hash":"07397b2632c5bf130d3b75e249e52b6f97e098ba"}
,"D:\\Holiday Project\\binar-project\\src\\controllers\\coursesController.js": {"path":"D:\\Holiday Project\\binar-project\\src\\controllers\\coursesController.js","statementMap":{"0":{"start":{"line":1,"column":23},"end":{"line":1,"column":60}},"1":{"start":{"line":2,"column":23},"end":{"line":2,"column":58}},"2":{"start":{"line":3,"column":21},"end":{"line":3,"column":54}},"3":{"start":{"line":6,"column":20},"end":{"line":14,"column":1}},"4":{"start":{"line":7,"column":4},"end":{"line":13,"column":5}},"5":{"start":{"line":8,"column":21},"end":{"line":8,"column":55}},"6":{"start":{"line":9,"column":8},"end":{"line":9,"column":104}},"7":{"start":{"line":12,"column":8},"end":{"line":12,"column":30}},"8":{"start":{"line":16,"column":24},"end":{"line":25,"column":1}},"9":{"start":{"line":17,"column":4},"end":{"line":24,"column":5}},"10":{"start":{"line":18,"column":24},"end":{"line":18,"column":32}},"11":{"start":{"line":19,"column":21},"end":{"line":19,"column":66}},"12":{"start":{"line":20,"column":8},"end":{"line":20,"column":100}},"13":{"start":{"line":23,"column":8},"end":{"line":23,"column":30}},"14":{"start":{"line":27,"column":30},"end":{"line":36,"column":1}},"15":{"start":{"line":28,"column":4},"end":{"line":35,"column":5}},"16":{"start":{"line":29,"column":24},"end":{"line":29,"column":32}},"17":{"start":{"line":30,"column":21},"end":{"line":30,"column":72}},"18":{"start":{"line":31,"column":8},"end":{"line":31,"column":100}},"19":{"start":{"line":34,"column":8},"end":{"line":34,"column":30}},"20":{"start":{"line":38,"column":22},"end":{"line":48,"column":1}},"21":{"start":{"line":39,"column":4},"end":{"line":47,"column":5}},"22":{"start":{"line":40,"column":21},"end":{"line":40,"column":29}},"23":{"start":{"line":41,"column":24},"end":{"line":41,"column":32}},"24":{"start":{"line":42,"column":21},"end":{"line":42,"column":69}},"25":{"start":{"line":43,"column":8},"end":{"line":43,"column":111}},"26":{"start":{"line":46,"column":8},"end":{"line":46,"column":30}},"27":{"start":{"line":50,"column":23},"end":{"line":60,"column":1}},"28":{"start":{"line":51,"column":4},"end":{"line":59,"column":5}},"29":{"start":{"line":52,"column":21},"end":{"line":52,"column":29}},"30":{"start":{"line":53,"column":24},"end":{"line":53,"column":32}},"31":{"start":{"line":54,"column":21},"end":{"line":54,"column":70}},"32":{"start":{"line":55,"column":8},"end":{"line":55,"column":111}},"33":{"start":{"line":58,"column":8},"end":{"line":58,"column":30}},"34":{"start":{"line":62,"column":23},"end":{"line":72,"column":1}},"35":{"start":{"line":63,"column":4},"end":{"line":71,"column":5}},"36":{"start":{"line":64,"column":21},"end":{"line":64,"column":29}},"37":{"start":{"line":65,"column":24},"end":{"line":65,"column":32}},"38":{"start":{"line":66,"column":8},"end":{"line":66,"column":58}},"39":{"start":{"line":67,"column":8},"end":{"line":67,"column":106}},"40":{"start":{"line":70,"column":8},"end":{"line":70,"column":30}},"41":{"start":{"line":74,"column":25},"end":{"line":121,"column":1}},"42":{"start":{"line":76,"column":17},"end":{"line":76,"column":25}},"43":{"start":{"line":78,"column":4},"end":{"line":80,"column":5}},"44":{"start":{"line":79,"column":8},"end":{"line":79,"column":118}},"45":{"start":{"line":82,"column":24},"end":{"line":94,"column":5}},"46":{"start":{"line":96,"column":4},"end":{"line":117,"column":5}},"47":{"start":{"line":97,"column":30},"end":{"line":102,"column":10}},"48":{"start":{"line":98,"column":32},"end":{"line":98,"column":48}},"49":{"start":{"line":99,"column":16},"end":{"line":101,"column":18}},"50":{"start":{"line":100,"column":20},"end":{"line":100,"column":50}},"51":{"start":{"line":103,"column":8},"end":{"line":105,"column":9}},"52":{"start":{"line":104,"column":12},"end":{"line":104,"column":148}},"53":{"start":{"line":108,"column":8},"end":{"line":110,"column":9}},"54":{"start":{"line":109,"column":12},"end":{"line":109,"column":118}},"55":{"start":{"line":111,"column":26},"end":{"line":113,"column":10}},"56":{"start":{"line":112,"column":12},"end":{"line":112,"column":42}},"57":{"start":{"line":114,"column":8},"end":{"line":116,"column":9}},"58":{"start":{"line":115,"column":12},"end":{"line":115,"column":148}},"59":{"start":{"line":119,"column":4},"end":{"line":119,"column":11}},"60":{"start":{"line":124,"column":25},"end":{"line":162,"column":1}},"61":{"start":{"line":126,"column":15},"end":{"line":126,"column":23}},"62":{"start":{"line":128,"column":24},"end":{"line":141,"column":5}},"63":{"start":{"line":144,"column":23},"end":{"line":144,"column":65}},"64":{"start":{"line":146,"column":4},"end":{"line":148,"column":5}},"65":{"start":{"line":147,"column":8},"end":{"line":147,"column":85}},"66":{"start":{"line":149,"column":4},"end":{"line":158,"column":5}},"67":{"start":{"line":151,"column":26},"end":{"line":153,"column":10}},"68":{"start":{"line":152,"column":12},"end":{"line":152,"column":45}},"69":{"start":{"line":155,"column":8},"end":{"line":157,"column":9}},"70":{"start":{"line":156,"column":12},"end":{"line":156,"column":118}},"71":{"start":{"line":160,"column":4},"end":{"line":160,"column":11}},"72":{"start":{"line":164,"column":24},"end":{"line":176,"column":1}},"73":{"start":{"line":166,"column":17},"end":{"line":166,"column":25}},"74":{"start":{"line":168,"column":23},"end":{"line":168,"column":65}},"75":{"start":{"line":170,"column":4},"end":{"line":172,"column":5}},"76":{"start":{"line":171,"column":8},"end":{"line":171,"column":85}},"77":{"start":{"line":174,"column":4},"end":{"line":174,"column":11}},"78":{"start":{"line":180,"column":0},"end":{"line":190,"column":1}}},"fnMap":{"0":{"name":"(anonymous_0)","decl":{"start":{"line":6,"column":20},"end":{"line":6,"column":21}},"loc":{"start":{"line":6,"column":39},"end":{"line":14,"column":1}},"line":6},"1":{"name":"(anonymous_1)","decl":{"start":{"line":16,"column":24},"end":{"line":16,"column":25}},"loc":{"start":{"line":16,"column":43},"end":{"line":25,"column":1}},"line":16},"2":{"name":"(anonymous_2)","decl":{"start":{"line":27,"column":30},"end":{"line":27,"column":31}},"loc":{"start":{"line":27,"column":49},"end":{"line":36,"column":1}},"line":27},"3":{"name":"(anonymous_3)","decl":{"start":{"line":38,"column":22},"end":{"line":38,"column":23}},"loc":{"start":{"line":38,"column":41},"end":{"line":48,"column":1}},"line":38},"4":{"name":"(anonymous_4)","decl":{"start":{"line":50,"column":23},"end":{"line":50,"column":24}},"loc":{"start":{"line":50,"column":42},"end":{"line":60,"column":1}},"line":50},"5":{"name":"(anonymous_5)","decl":{"start":{"line":62,"column":23},"end":{"line":62,"column":24}},"loc":{"start":{"line":62,"column":41},"end":{"line":72,"column":1}},"line":62},"6":{"name":"(anonymous_6)","decl":{"start":{"line":74,"column":25},"end":{"line":74,"column":26}},"loc":{"start":{"line":74,"column":52},"end":{"line":121,"column":1}},"line":74},"7":{"name":"(anonymous_7)","decl":{"start":{"line":97,"column":39},"end":{"line":97,"column":40}},"loc":{"start":{"line":97,"column":47},"end":{"line":102,"column":9}},"line":97},"8":{"name":"(anonymous_8)","decl":{"start":{"line":99,"column":41},"end":{"line":99,"column":42}},"loc":{"start":{"line":99,"column":52},"end":{"line":101,"column":17}},"line":99},"9":{"name":"(anonymous_9)","decl":{"start":{"line":111,"column":50},"end":{"line":111,"column":51}},"loc":{"start":{"line":111,"column":61},"end":{"line":113,"column":9}},"line":111},"10":{"name":"(anonymous_10)","decl":{"start":{"line":124,"column":25},"end":{"line":124,"column":26}},"loc":{"start":{"line":124,"column":52},"end":{"line":162,"column":1}},"line":124},"11":{"name":"(anonymous_11)","decl":{"start":{"line":151,"column":48},"end":{"line":151,"column":49}},"loc":{"start":{"line":151,"column":55},"end":{"line":153,"column":9}},"line":151},"12":{"name":"(anonymous_12)","decl":{"start":{"line":164,"column":24},"end":{"line":164,"column":25}},"loc":{"start":{"line":164,"column":51},"end":{"line":176,"column":1}},"line":164}},"branchMap":{"0":{"loc":{"start":{"line":78,"column":4},"end":{"line":80,"column":5}},"type":"if","locations":[{"start":{"line":78,"column":4},"end":{"line":80,"column":5}},{"start":{},"end":{}}],"line":78},"1":{"loc":{"start":{"line":96,"column":4},"end":{"line":117,"column":5}},"type":"if","locations":[{"start":{"line":96,"column":4},"end":{"line":117,"column":5}},{"start":{"line":106,"column":9},"end":{"line":117,"column":5}}],"line":96},"2":{"loc":{"start":{"line":103,"column":8},"end":{"line":105,"column":9}},"type":"if","locations":[{"start":{"line":103,"column":8},"end":{"line":105,"column":9}},{"start":{},"end":{}}],"line":103},"3":{"loc":{"start":{"line":108,"column":8},"end":{"line":110,"column":9}},"type":"if","locations":[{"start":{"line":108,"column":8},"end":{"line":110,"column":9}},{"start":{},"end":{}}],"line":108},"4":{"loc":{"start":{"line":108,"column":11},"end":{"line":108,"column":73}},"type":"binary-expr","locations":[{"start":{"line":108,"column":11},"end":{"line":108,"column":40}},{"start":{"line":108,"column":44},"end":{"line":108,"column":73}}],"line":108},"5":{"loc":{"start":{"line":114,"column":8},"end":{"line":116,"column":9}},"type":"if","locations":[{"start":{"line":114,"column":8},"end":{"line":116,"column":9}},{"start":{},"end":{}}],"line":114},"6":{"loc":{"start":{"line":146,"column":4},"end":{"line":148,"column":5}},"type":"if","locations":[{"start":{"line":146,"column":4},"end":{"line":148,"column":5}},{"start":{},"end":{}}],"line":146},"7":{"loc":{"start":{"line":149,"column":4},"end":{"line":158,"column":5}},"type":"if","locations":[{"start":{"line":149,"column":4},"end":{"line":158,"column":5}},{"start":{},"end":{}}],"line":149},"8":{"loc":{"start":{"line":155,"column":8},"end":{"line":157,"column":9}},"type":"if","locations":[{"start":{"line":155,"column":8},"end":{"line":157,"column":9}},{"start":{},"end":{}}],"line":155},"9":{"loc":{"start":{"line":170,"column":4},"end":{"line":172,"column":5}},"type":"if","locations":[{"start":{"line":170,"column":4},"end":{"line":172,"column":5}},{"start":{},"end":{}}],"line":170}},"s":{"0":1,"1":1,"2":1,"3":1,"4":2,"5":2,"6":1,"7":1,"8":1,"9":2,"10":2,"11":2,"12":1,"13":1,"14":1,"15":2,"16":2,"17":2,"18":1,"19":1,"20":1,"21":2,"22":2,"23":2,"24":2,"25":1,"26":1,"27":1,"28":2,"29":2,"30":2,"31":2,"32":1,"33":1,"34":1,"35":2,"36":2,"37":2,"38":2,"39":1,"40":1,"41":1,"42":5,"43":5,"44":1,"45":4,"46":4,"47":1,"48":2,"49":2,"50":16,"51":1,"52":1,"53":3,"54":1,"55":2,"56":15,"57":2,"58":1,"59":1,"60":1,"61":0,"62":0,"63":0,"64":0,"65":0,"66":0,"67":0,"68":0,"69":0,"70":0,"71":0,"72":1,"73":0,"74":0,"75":0,"76":0,"77":0,"78":1},"f":{"0":2,"1":2,"2":2,"3":2,"4":2,"5":2,"6":5,"7":2,"8":16,"9":15,"10":0,"11":0,"12":0},"b":{"0":[1,4],"1":[1,3],"2":[1,0],"3":[1,2],"4":[3,2],"5":[1,1],"6":[0,0],"7":[0,0],"8":[0,0],"9":[0,0]},"_coverageSchema":"1a1c01bbd47fc00a2c39e90264f33305004495a9","hash":"755fc2b9cd37aca2e7e5a1d77240c581c828a422"}
}
