TN:
SF:lib\customError.js
FN:2,(anonymous_0)
FNF:1
FNH:0
FNDA:0,(anonymous_0)
DA:3,0
DA:4,0
DA:8,1
LF:3
LH:1
BRF:0
BRH:0
end_of_record
TN:
SF:lib\customResponse.js
FN:2,(anonymous_0)
FNF:1
FNH:1
FNDA:32,(anonymous_0)
DA:3,32
DA:4,32
DA:5,32
DA:9,1
LF:4
LH:4
BRDA:2,0,0,21
BRF:1
BRH:1
end_of_record
TN:
SF:lib\errorHandler.js
FN:4,(anonymous_0)
FNF:1
FNH:1
FNDA:6,(anonymous_0)
DA:1,1
DA:2,1
DA:4,1
DA:5,6
DA:6,0
DA:9,6
DA:12,1
LF:7
LH:6
BRDA:5,0,0,0
BRDA:5,0,1,6
BRF:2
BRH:1
end_of_record
TN:
SF:src\controllers\coursesController.js
FN:6,(anonymous_0)
FN:16,(anonymous_1)
FN:27,(anonymous_2)
FN:38,(anonymous_3)
FN:50,(anonymous_4)
FN:62,(anonymous_5)
FN:74,(anonymous_6)
FN:97,(anonymous_7)
FN:99,(anonymous_8)
FN:111,(anonymous_9)
FN:124,(anonymous_10)
FN:151,(anonymous_11)
FN:164,(anonymous_12)
FNF:13
FNH:10
FNDA:2,(anonymous_0)
FNDA:2,(anonymous_1)
FNDA:2,(anonymous_2)
FNDA:2,(anonymous_3)
FNDA:2,(anonymous_4)
FNDA:2,(anonymous_5)
FNDA:5,(anonymous_6)
FNDA:2,(anonymous_7)
FNDA:16,(anonymous_8)
FNDA:15,(anonymous_9)
FNDA:0,(anonymous_10)
FNDA:0,(anonymous_11)
FNDA:0,(anonymous_12)
DA:1,1
DA:2,1
DA:3,1
DA:6,1
DA:7,2
DA:8,2
DA:9,1
DA:12,1
DA:16,1
DA:17,2
DA:18,2
DA:19,2
DA:20,1
DA:23,1
DA:27,1
DA:28,2
DA:29,2
DA:30,2
DA:31,1
DA:34,1
DA:38,1
DA:39,2
DA:40,2
DA:41,2
DA:42,2
DA:43,1
DA:46,1
DA:50,1
DA:51,2
DA:52,2
DA:53,2
DA:54,2
DA:55,1
DA:58,1
DA:62,1
DA:63,2
DA:64,2
DA:65,2
DA:66,2
DA:67,1
DA:70,1
DA:74,1
DA:76,5
DA:78,5
DA:79,1
DA:82,4
DA:96,4
DA:97,1
DA:98,2
DA:99,2
DA:100,16
DA:103,1
DA:104,1
DA:108,3
DA:109,1
DA:111,2
DA:112,15
DA:114,2
DA:115,1
DA:119,1
DA:124,1
DA:126,0
DA:128,0
DA:144,0
DA:146,0
DA:147,0
DA:149,0
DA:151,0
DA:152,0
DA:155,0
DA:156,0
DA:160,0
DA:164,1
DA:166,0
DA:168,0
DA:170,0
DA:171,0
DA:174,0
DA:180,1
LF:79
LH:63
BRDA:78,0,0,1
BRDA:78,0,1,4
BRDA:96,1,0,1
BRDA:96,1,1,3
BRDA:103,2,0,1
BRDA:103,2,1,0
BRDA:108,3,0,1
BRDA:108,3,1,2
BRDA:108,4,0,3
BRDA:108,4,1,2
BRDA:114,5,0,1
BRDA:114,5,1,1
BRDA:146,6,0,0
BRDA:146,6,1,0
BRDA:149,7,0,0
BRDA:149,7,1,0
BRDA:155,8,0,0
BRDA:155,8,1,0
BRDA:170,9,0,0
BRDA:170,9,1,0
BRF:20
BRH:11
end_of_record
