TN:
SF:lib\customError.js
FN:2,(anonymous_0)
FNF:1
FNH:0
FNDA:0,(anonymous_0)
DA:3,0
DA:4,0
DA:8,1
LF:3
LH:1
BRF:0
BRH:0
end_of_record
TN:
SF:lib\customResponse.js
FN:2,(anonymous_0)
FNF:1
FNH:1
FNDA:30,(anonymous_0)
DA:3,30
DA:4,30
DA:5,30
DA:9,1
LF:4
LH:4
BRDA:2,0,0,22
BRF:1
BRH:1
end_of_record
TN:
SF:lib\errorHandler.js
FN:4,(anonymous_0)
FNF:1
FNH:1
FNDA:4,(anonymous_0)
DA:1,1
DA:2,1
DA:4,1
DA:5,4
DA:6,0
DA:9,4
DA:12,1
LF:7
LH:6
BRDA:5,0,0,0
BRDA:5,0,1,4
BRF:2
BRH:1
end_of_record
TN:
SF:src\controllers\modulesController.js
FN:5,(anonymous_0)
FN:16,(anonymous_1)
FN:26,(anonymous_2)
FN:37,(anonymous_3)
FN:48,(anonymous_4)
FN:61,(anonymous_5)
FN:63,(anonymous_6)
FN:75,(anonymous_7)
FN:88,(anonymous_8)
FN:104,(anonymous_9)
FN:117,(anonymous_10)
FNF:11
FNH:11
FNDA:2,(anonymous_0)
FNDA:2,(anonymous_1)
FNDA:2,(anonymous_2)
FNDA:2,(anonymous_3)
FNDA:5,(anonymous_4)
FNDA:2,(anonymous_5)
FNDA:2,(anonymous_6)
FNDA:6,(anonymous_7)
FNDA:3,(anonymous_8)
FNDA:4,(anonymous_9)
FNDA:1,(anonymous_10)
DA:1,1
DA:2,1
DA:3,1
DA:5,1
DA:6,2
DA:7,2
DA:8,2
DA:9,1
DA:12,1
DA:16,1
DA:17,2
DA:18,2
DA:19,1
DA:22,1
DA:26,1
DA:27,2
DA:28,2
DA:29,2
DA:30,1
DA:33,1
DA:37,1
DA:38,2
DA:39,2
DA:40,2
DA:41,1
DA:44,1
DA:48,1
DA:50,5
DA:52,5
DA:53,1
DA:56,4
DA:60,4
DA:61,1
DA:62,2
DA:63,2
DA:64,2
DA:67,1
DA:68,1
DA:72,3
DA:73,1
DA:75,2
DA:76,6
DA:78,2
DA:79,1
DA:83,1
DA:88,1
DA:90,3
DA:92,3
DA:96,3
DA:98,3
DA:99,1
DA:102,2
DA:104,2
DA:105,4
DA:108,2
DA:109,1
DA:113,1
DA:117,1
DA:119,1
DA:121,1
DA:123,1
DA:124,1
DA:127,0
DA:131,1
LF:64
LH:63
BRDA:52,0,0,1
BRDA:52,0,1,4
BRDA:60,1,0,1
BRDA:60,1,1,3
BRDA:67,2,0,1
BRDA:67,2,1,0
BRDA:72,3,0,1
BRDA:72,3,1,2
BRDA:72,4,0,3
BRDA:72,4,1,2
BRDA:78,5,0,1
BRDA:78,5,1,1
BRDA:98,6,0,1
BRDA:98,6,1,2
BRDA:102,7,0,2
BRDA:102,7,1,0
BRDA:108,8,0,1
BRDA:108,8,1,1
BRDA:123,9,0,1
BRDA:123,9,1,0
BRF:20
BRH:17
end_of_record
